2025-08-24 13:34:04,375 - INFO - Running 5 runs for roundabout scenario with selfish composition
2025-08-24 13:34:05,051 - INFO - Created roundabout-v0 environment
2025-08-24 13:34:05,051 - INFO - Population overrides: cooperative_set=0/0, baseline_set=0/4 (composition=selfish)
2025-08-24 13:34:05,065 - INFO - RoundaboutSelfishPolicy initialized
2025-08-24 13:34:05,066 - INFO - Created RoundaboutSelfishPolicy for ego vehicle
2025-08-24 13:34:05,077 - INFO - Starting simulation with RoundaboutSelfishPolicy for 1000 steps
2025-08-24 13:34:05,239 - INFO - [EGO] step=0 speed=22.094900011355616 lane_index=('ses', 'se', 0) crashed=False
2025-08-24 13:34:05,239 - INFO - Step 0/1000 completed
2025-08-24 13:34:05,747 - INFO - Simulation ended early at step 3 - terminated: True, truncated: False
2025-08-24 13:34:05,747 - INFO - Info: {'speed': 18.282962331046118, 'crashed': True, 'action': 3, 'rewards': {'collision_reward': True, 'high_speed_reward': 1.0, 'lane_change_reward': False, 'on_road_reward': np.True_}}
2025-08-24 13:34:05,747 - INFO - Simulation completed successfully
2025-08-24 13:34:05,925 - INFO - Created roundabout-v0 environment
2025-08-24 13:34:05,925 - INFO - Population overrides: cooperative_set=0/0, baseline_set=0/4 (composition=selfish)
2025-08-24 13:34:05,937 - INFO - RoundaboutSelfishPolicy initialized
2025-08-24 13:34:05,938 - INFO - Created RoundaboutSelfishPolicy for ego vehicle
2025-08-24 13:34:05,949 - INFO - Starting simulation with RoundaboutSelfishPolicy for 1000 steps
2025-08-24 13:34:06,138 - INFO - [EGO] step=0 speed=22.094900011355616 lane_index=('ses', 'se', 0) crashed=False
2025-08-24 13:34:06,138 - INFO - Step 0/1000 completed
2025-08-24 13:34:06,472 - INFO - Simulation ended early at step 2 - terminated: True, truncated: False
2025-08-24 13:34:06,472 - INFO - Info: {'speed': 10.463720642889255, 'crashed': True, 'action': 3, 'rewards': {'collision_reward': True, 'high_speed_reward': 1.0, 'lane_change_reward': False, 'on_road_reward': np.False_}}
2025-08-24 13:34:06,472 - INFO - Simulation completed successfully
2025-08-24 13:34:06,653 - INFO - Created roundabout-v0 environment
2025-08-24 13:34:06,654 - INFO - Population overrides: cooperative_set=0/0, baseline_set=0/4 (composition=selfish)
2025-08-24 13:34:06,670 - INFO - RoundaboutSelfishPolicy initialized
2025-08-24 13:34:06,670 - INFO - Created RoundaboutSelfishPolicy for ego vehicle
2025-08-24 13:34:06,680 - INFO - Starting simulation with RoundaboutSelfishPolicy for 1000 steps
2025-08-24 13:34:06,854 - INFO - [EGO] step=0 speed=22.094900011355616 lane_index=('ses', 'se', 0) crashed=False
2025-08-24 13:34:06,854 - INFO - Step 0/1000 completed
2025-08-24 13:34:14,795 - INFO - Simulation ended early at step 44 - terminated: False, truncated: True
2025-08-24 13:34:14,795 - INFO - Info: {'speed': 29.999999999999986, 'crashed': False, 'action': 3, 'rewards': {'collision_reward': False, 'high_speed_reward': 1.0, 'lane_change_reward': False, 'on_road_reward': np.False_}}
2025-08-24 13:34:14,795 - INFO - Simulation completed successfully
2025-08-24 13:34:14,962 - INFO - Created roundabout-v0 environment
2025-08-24 13:34:14,963 - INFO - Population overrides: cooperative_set=0/0, baseline_set=0/4 (composition=selfish)
2025-08-24 13:34:14,974 - INFO - RoundaboutSelfishPolicy initialized
2025-08-24 13:34:14,974 - INFO - Created RoundaboutSelfishPolicy for ego vehicle
2025-08-24 13:34:14,984 - INFO - Starting simulation with RoundaboutSelfishPolicy for 1000 steps
2025-08-24 13:34:15,150 - INFO - [EGO] step=0 speed=22.094900011355616 lane_index=('ses', 'se', 0) crashed=False
2025-08-24 13:34:15,150 - INFO - Step 0/1000 completed
2025-08-24 13:34:23,653 - INFO - Simulation ended early at step 44 - terminated: False, truncated: True
2025-08-24 13:34:23,653 - INFO - Info: {'speed': 29.999999999999986, 'crashed': False, 'action': 3, 'rewards': {'collision_reward': False, 'high_speed_reward': 1.0, 'lane_change_reward': False, 'on_road_reward': np.False_}}
2025-08-24 13:34:23,653 - INFO - Simulation completed successfully
2025-08-24 13:34:23,849 - INFO - Created roundabout-v0 environment
2025-08-24 13:34:23,849 - INFO - Population overrides: cooperative_set=0/0, baseline_set=0/4 (composition=selfish)
2025-08-24 13:34:23,860 - INFO - RoundaboutSelfishPolicy initialized
2025-08-24 13:34:23,860 - INFO - Created RoundaboutSelfishPolicy for ego vehicle
2025-08-24 13:34:23,872 - INFO - Starting simulation with RoundaboutSelfishPolicy for 1000 steps
2025-08-24 13:34:25,087 - INFO - [EGO] step=0 speed=22.094900011355616 lane_index=('ses', 'se', 0) crashed=False
2025-08-24 13:34:25,087 - INFO - Step 0/1000 completed
