2025-08-24 12:58:13,375 - INFO - Running 5 runs for highway scenario with selfish composition
2025-08-24 12:58:13,390 - INFO - Created SelfishPolicy for ego vehicle
2025-08-24 12:58:13,396 - INFO - Starting simulation with SelfishPolicy for 1000 steps
2025-08-24 12:58:13,586 - INFO - [EGO] step=0 speed=29.1455588268693 lane_index=('0', '1', 0) crashed=False
2025-08-24 12:58:13,586 - INFO - Step 0/1000 completed
2025-08-24 12:58:22,095 - INFO - [EGO] step=50 speed=20.000000000000078 lane_index=('0', '1', 0) crashed=False
2025-08-24 12:58:30,512 - INFO - [EGO] step=100 speed=20.000000000000014 lane_index=('0', '1', 0) crashed=False
2025-08-24 12:58:39,047 - INFO - [EGO] step=150 speed=20.000000000000014 lane_index=('0', '1', 0) crashed=False
2025-08-24 12:58:47,283 - INFO - Simulation ended early at step 199 - terminated: False, truncated: True
2025-08-24 12:58:47,283 - INFO - Info: {'speed': 24.999978720807306, 'crashed': False, 'action': 0, 'rewards': {'collision_reward': 0.0, 'right_lane_reward': np.float64(0.0), 'high_speed_reward': np.float64(0.4999978720807306), 'on_road_reward': 1.0}}
2025-08-24 12:58:47,283 - INFO - Simulation completed successfully
2025-08-24 12:58:47,295 - INFO - Created SelfishPolicy for ego vehicle
2025-08-24 12:58:47,300 - INFO - Starting simulation with SelfishPolicy for 1000 steps
2025-08-24 12:58:47,473 - INFO - [EGO] step=0 speed=29.1455588268693 lane_index=('0', '1', 1) crashed=False
2025-08-24 12:58:47,473 - INFO - Step 0/1000 completed
2025-08-24 12:58:56,100 - INFO - [EGO] step=50 speed=24.145558826869305 lane_index=('0', '1', 1) crashed=False
2025-08-24 12:59:04,582 - INFO - [EGO] step=100 speed=20.000000000000014 lane_index=('0', '1', 1) crashed=False
2025-08-24 12:59:12,824 - INFO - [EGO] step=150 speed=20.000000000000014 lane_index=('0', '1', 1) crashed=False
2025-08-24 12:59:20,982 - INFO - Simulation ended early at step 199 - terminated: False, truncated: True
2025-08-24 12:59:20,982 - INFO - Info: {'speed': 20.000000000000014, 'crashed': False, 'action': 1, 'rewards': {'collision_reward': 0.0, 'right_lane_reward': 0.3333333333333333, 'high_speed_reward': np.float64(1.4210854715202005e-15), 'on_road_reward': 1.0}}
2025-08-24 12:59:20,983 - INFO - Simulation completed successfully
2025-08-24 12:59:20,994 - INFO - Created SelfishPolicy for ego vehicle
2025-08-24 12:59:20,999 - INFO - Starting simulation with SelfishPolicy for 1000 steps
2025-08-24 12:59:21,177 - INFO - [EGO] step=0 speed=29.1455588268693 lane_index=('0', '1', 2) crashed=False
2025-08-24 12:59:21,177 - INFO - Step 0/1000 completed
2025-08-24 12:59:29,519 - INFO - [EGO] step=50 speed=20.000000000000014 lane_index=('0', '1', 2) crashed=False
2025-08-24 12:59:37,896 - INFO - [EGO] step=100 speed=20.000000621409125 lane_index=('0', '1', 2) crashed=False
2025-08-24 12:59:46,275 - INFO - [EGO] step=150 speed=20.000000000000014 lane_index=('0', '1', 2) crashed=False
2025-08-24 12:59:54,451 - INFO - Simulation ended early at step 199 - terminated: False, truncated: True
2025-08-24 12:59:54,451 - INFO - Info: {'speed': 20.000000000000014, 'crashed': False, 'action': 2, 'rewards': {'collision_reward': 0.0, 'right_lane_reward': np.float64(1.0), 'high_speed_reward': np.float64(0.0), 'on_road_reward': 1.0}}
2025-08-24 12:59:54,451 - INFO - Simulation completed successfully
2025-08-24 12:59:54,463 - INFO - Created SelfishPolicy for ego vehicle
2025-08-24 12:59:54,468 - INFO - Starting simulation with SelfishPolicy for 1000 steps
2025-08-24 12:59:54,641 - INFO - [EGO] step=0 speed=20.8544411731307 lane_index=('0', '1', 1) crashed=False
2025-08-24 12:59:54,642 - INFO - Step 0/1000 completed
2025-08-24 13:00:03,060 - INFO - [EGO] step=50 speed=20.000021279102132 lane_index=('0', '1', 1) crashed=False
2025-08-24 13:00:11,495 - INFO - [EGO] step=100 speed=20.000000000000014 lane_index=('0', '1', 1) crashed=False
2025-08-24 13:00:19,872 - INFO - [EGO] step=150 speed=24.85398605633181 lane_index=('0', '1', 1) crashed=False
2025-08-24 13:00:28,287 - INFO - Simulation ended early at step 199 - terminated: False, truncated: True
2025-08-24 13:00:28,287 - INFO - Info: {'speed': 20.0000036363482, 'crashed': False, 'action': 1, 'rewards': {'collision_reward': 0.0, 'right_lane_reward': 0.3333333333333333, 'high_speed_reward': np.float64(3.6363482003309855e-07), 'on_road_reward': 1.0}}
2025-08-24 13:00:28,287 - INFO - Simulation completed successfully
2025-08-24 13:00:28,299 - INFO - Created SelfishPolicy for ego vehicle
2025-08-24 13:00:28,304 - INFO - Starting simulation with SelfishPolicy for 1000 steps
2025-08-24 13:00:28,476 - INFO - [EGO] step=0 speed=29.1455588268693 lane_index=('0', '1', 2) crashed=False
2025-08-24 13:00:28,476 - INFO - Step 0/1000 completed
2025-08-24 13:00:37,020 - INFO - [EGO] step=50 speed=29.829033991267547 lane_index=('0', '1', 2) crashed=False
2025-08-24 13:00:45,530 - INFO - [EGO] step=100 speed=24.975047934935745 lane_index=('0', '1', 2) crashed=False
2025-08-24 13:00:53,998 - INFO - [EGO] step=150 speed=20.00012452058025 lane_index=('0', '1', 2) crashed=False
2025-08-24 13:01:02,200 - INFO - Simulation ended early at step 199 - terminated: False, truncated: True
2025-08-24 13:01:02,200 - INFO - Info: {'speed': 20.000000000000078, 'crashed': False, 'action': 1, 'rewards': {'collision_reward': 0.0, 'right_lane_reward': 0.6666666666666666, 'high_speed_reward': np.float64(7.815970093361103e-15), 'on_road_reward': 1.0}}
2025-08-24 13:01:02,200 - INFO - Simulation completed successfully
2025-08-24 13:01:02,201 - INFO - Saving aggregated results...
2025-08-24 13:01:02,212 - INFO - Aggregated results saved to results/highway_stats.csv
