2025-08-24 13:34:50,006 - INFO - Running 5 runs for intersection scenario with selfish composition
2025-08-24 13:34:50,720 - INFO - Created intersection-v0 environment
2025-08-24 13:34:50,721 - INFO - Population overrides: cooperative_set=0/0, baseline_set=0/6 (composition=selfish)
2025-08-24 13:34:50,777 - INFO - IntersectionSelfishPolicy initialized with intersection-specific parameters
2025-08-24 13:34:50,777 - INFO - Created IntersectionSelfishPolicy for ego vehicle
2025-08-24 13:34:50,823 - INFO - Starting simulation with IntersectionSelfishPolicy for 1000 steps
2025-08-24 13:34:50,963 - INFO - [EGO] step=0 speed=22.436676480607897 lane_index=('o0', 'ir0', 0) crashed=False
2025-08-24 13:34:50,963 - INFO - Step 0/1000 completed
2025-08-24 13:34:51,385 - INFO - Simulation ended early at step 3 - terminated: True, truncated: False
2025-08-24 13:34:51,385 - INFO - Info: {'speed': 29.841194013284483, 'crashed': False, 'action': 3, 'rewards': {'collision_reward': 0.0, 'high_speed_reward': np.float64(1.0), 'arrived_reward': 1.0, 'on_road_reward': np.float64(1.0)}, 'agents_rewards': (np.float64(1.0),), 'agents_terminated': (True,)}
2025-08-24 13:34:51,386 - INFO - Simulation completed successfully
2025-08-24 13:34:51,588 - INFO - Created intersection-v0 environment
2025-08-24 13:34:51,589 - INFO - Population overrides: cooperative_set=0/0, baseline_set=0/5 (composition=selfish)
2025-08-24 13:34:51,638 - INFO - IntersectionSelfishPolicy initialized with intersection-specific parameters
2025-08-24 13:34:51,638 - INFO - Created IntersectionSelfishPolicy for ego vehicle
2025-08-24 13:34:51,675 - INFO - Starting simulation with IntersectionSelfishPolicy for 1000 steps
2025-08-24 13:34:51,808 - INFO - [EGO] step=0 speed=22.436676480607897 lane_index=('o0', 'ir0', 0) crashed=False
2025-08-24 13:34:51,808 - INFO - Step 0/1000 completed
2025-08-24 13:34:52,255 - INFO - Simulation ended early at step 3 - terminated: True, truncated: False
2025-08-24 13:34:52,255 - INFO - Info: {'speed': 29.841194013284483, 'crashed': False, 'action': 3, 'rewards': {'collision_reward': 0.0, 'high_speed_reward': np.float64(1.0), 'arrived_reward': 1.0, 'on_road_reward': np.float64(1.0)}, 'agents_rewards': (np.float64(1.0),), 'agents_terminated': (True,)}
2025-08-24 13:34:52,255 - INFO - Simulation completed successfully
2025-08-24 13:34:52,487 - INFO - Created intersection-v0 environment
2025-08-24 13:34:52,487 - INFO - Population overrides: cooperative_set=0/0, baseline_set=0/5 (composition=selfish)
2025-08-24 13:34:52,540 - INFO - IntersectionSelfishPolicy initialized with intersection-specific parameters
2025-08-24 13:34:52,540 - INFO - Created IntersectionSelfishPolicy for ego vehicle
2025-08-24 13:34:52,562 - INFO - Starting simulation with IntersectionSelfishPolicy for 1000 steps
2025-08-24 13:34:52,691 - INFO - [EGO] step=0 speed=22.436676480607897 lane_index=('o0', 'ir0', 0) crashed=False
2025-08-24 13:34:52,691 - INFO - Step 0/1000 completed
2025-08-24 13:34:53,064 - INFO - Simulation ended early at step 3 - terminated: True, truncated: False
2025-08-24 13:34:53,065 - INFO - Info: {'speed': 29.841194013284483, 'crashed': False, 'action': 3, 'rewards': {'collision_reward': 0.0, 'high_speed_reward': np.float64(1.0), 'arrived_reward': 1.0, 'on_road_reward': np.float64(1.0)}, 'agents_rewards': (np.float64(1.0),), 'agents_terminated': (True,)}
2025-08-24 13:34:53,065 - INFO - Simulation completed successfully
2025-08-24 13:34:53,285 - INFO - Created intersection-v0 environment
2025-08-24 13:34:53,285 - INFO - Population overrides: cooperative_set=0/0, baseline_set=0/5 (composition=selfish)
2025-08-24 13:34:53,334 - INFO - IntersectionSelfishPolicy initialized with intersection-specific parameters
2025-08-24 13:34:53,334 - INFO - Created IntersectionSelfishPolicy for ego vehicle
2025-08-24 13:34:53,355 - INFO - Starting simulation with IntersectionSelfishPolicy for 1000 steps
2025-08-24 13:34:53,501 - INFO - [EGO] step=0 speed=22.436676480607897 lane_index=('o0', 'ir0', 0) crashed=False
2025-08-24 13:34:53,501 - INFO - Step 0/1000 completed
2025-08-24 13:34:53,900 - INFO - Simulation ended early at step 3 - terminated: True, truncated: False
2025-08-24 13:34:53,900 - INFO - Info: {'speed': 29.841194013284483, 'crashed': False, 'action': 3, 'rewards': {'collision_reward': 0.0, 'high_speed_reward': np.float64(1.0), 'arrived_reward': 1.0, 'on_road_reward': np.float64(1.0)}, 'agents_rewards': (np.float64(1.0),), 'agents_terminated': (True,)}
2025-08-24 13:34:53,900 - INFO - Simulation completed successfully
2025-08-24 13:34:54,139 - INFO - Created intersection-v0 environment
2025-08-24 13:34:54,139 - INFO - Population overrides: cooperative_set=0/0, baseline_set=0/6 (composition=selfish)
2025-08-24 13:34:54,185 - INFO - IntersectionSelfishPolicy initialized with intersection-specific parameters
2025-08-24 13:34:54,186 - INFO - Created IntersectionSelfishPolicy for ego vehicle
2025-08-24 13:34:54,222 - INFO - Starting simulation with IntersectionSelfishPolicy for 1000 steps
2025-08-24 13:34:54,350 - INFO - [EGO] step=0 speed=22.436676480607897 lane_index=('o0', 'ir0', 0) crashed=False
2025-08-24 13:34:54,350 - INFO - Step 0/1000 completed
2025-08-24 13:34:54,491 - INFO - Simulation ended early at step 1 - terminated: True, truncated: False
2025-08-24 13:34:54,491 - INFO - Info: {'speed': 19.818837751309246, 'crashed': True, 'action': 3, 'rewards': {'collision_reward': 1.0, 'high_speed_reward': np.float64(0.4818837751309246), 'arrived_reward': 0.0, 'on_road_reward': np.float64(1.0)}, 'agents_rewards': (np.float64(0.04818837751309246),), 'agents_terminated': (True,)}
2025-08-24 13:34:54,491 - INFO - Simulation completed successfully
