2025-08-12 21:48:18,921 - INFO - Starting Decentralized Highway Traffic Simulation
2025-08-12 21:48:18,924 - INFO - Configuration loaded from config.yaml
2025-08-12 21:48:18,924 - INFO - Processing configuration 1/3: Merge_100_Selfish
2025-08-12 21:48:18,924 - INFO - Running Merge_100_Selfish with 100% Selfish, 0% Cooperative - 5 runs
2025-08-12 21:48:18,924 - INFO - Starting run 1/5
2025-08-12 21:48:19,586 - INFO - Using 5 existing vehicles as agents
2025-08-12 21:48:19,592 - INFO - Starting simulation with 5 agents for 1000 steps
2025-08-12 21:48:19,698 - INFO - Step 0/1000 completed
2025-08-12 21:48:20,285 - INFO - Simulation ended early at step 7
2025-08-12 21:48:20,285 - INFO - Simulation completed successfully
2025-08-12 21:48:20,285 - INFO - Run 1 completed - Avg Speed: 20.95, Collisions: 0
2025-08-12 21:48:20,390 - INFO - Starting run 2/5
2025-08-12 21:48:20,464 - INFO - Using 5 existing vehicles as agents
2025-08-12 21:48:20,469 - INFO - Starting simulation with 5 agents for 1000 steps
2025-08-12 21:48:20,600 - INFO - Step 0/1000 completed
2025-08-12 21:48:21,042 - INFO - Simulation ended early at step 5
2025-08-12 21:48:21,042 - INFO - Simulation completed successfully
2025-08-12 21:48:21,042 - INFO - Run 2 completed - Avg Speed: 22.05, Collisions: 0
2025-08-12 21:48:21,149 - INFO - Starting run 3/5
2025-08-12 21:48:21,230 - INFO - Using 5 existing vehicles as agents
2025-08-12 21:48:21,236 - INFO - Starting simulation with 5 agents for 1000 steps
2025-08-12 21:48:21,347 - INFO - Step 0/1000 completed
2025-08-12 21:48:21,964 - INFO - Simulation ended early at step 7
2025-08-12 21:48:21,964 - INFO - Simulation completed successfully
2025-08-12 21:48:21,964 - INFO - Run 3 completed - Avg Speed: 20.99, Collisions: 0
2025-08-12 21:48:22,065 - INFO - Starting run 4/5
2025-08-12 21:48:22,131 - INFO - Using 5 existing vehicles as agents
2025-08-12 21:48:22,137 - INFO - Starting simulation with 5 agents for 1000 steps
2025-08-12 21:48:22,250 - INFO - Step 0/1000 completed
2025-08-12 21:48:22,750 - INFO - Simulation ended early at step 6
2025-08-12 21:48:22,751 - INFO - Simulation completed successfully
2025-08-12 21:48:22,751 - INFO - Run 4 completed - Avg Speed: 22.21, Collisions: 0
2025-08-12 21:48:22,855 - INFO - Starting run 5/5
2025-08-12 21:48:22,932 - INFO - Using 5 existing vehicles as agents
2025-08-12 21:48:22,939 - INFO - Starting simulation with 5 agents for 1000 steps
2025-08-12 21:48:23,076 - INFO - Step 0/1000 completed
2025-08-12 21:48:23,580 - INFO - Simulation ended early at step 6
2025-08-12 21:48:23,580 - INFO - Simulation completed successfully
2025-08-12 21:48:23,580 - INFO - Run 5 completed - Avg Speed: 22.63, Collisions: 0
2025-08-12 21:48:23,687 - INFO - Completed Merge_100_Selfish with 5 successful runs
2025-08-12 21:48:23,687 - INFO - Processing configuration 2/3: Merge_100_Cooperative
2025-08-12 21:48:23,687 - INFO - Processing configuration 3/3: Merge_50_50_Mix
2025-08-12 21:48:23,687 - INFO - Generating final results and visualizations
2025-08-12 21:48:23,710 - INFO - Results saved to results/results.csv
2025-08-12 21:48:25,472 - INFO - Plots saved to plots
2025-08-12 21:48:25,472 - INFO -   - plots/merge_average_speed.png
2025-08-12 21:48:25,472 - INFO -   - plots/merge_collisions.png
2025-08-12 21:48:25,472 - INFO -   - plots/merge_acceleration_stability.png
2025-08-12 21:48:25,472 - INFO -   - plots/merge_merge_success_rate.png
2025-08-12 21:48:25,472 - INFO -   - plots/combined_efficiency_comparison.png
2025-08-12 21:48:25,472 - INFO -   - plots/combined_safety_comparison.png
2025-08-12 21:48:25,476 - INFO - Simulation study completed successfully
