2025-08-12 22:23:33,487 - ERROR - Error in run 1: unsupported operand type(s) for +: 'method' and 'method'
2025-08-12 22:23:33,490 - ERROR - Traceback: Traceback (most recent call last):
  File "/Users/shayvasilisky/Documents/Personal/TASP/Second Year/Semester B/רובוטים קוגניטיביים/Project CC_V2/social_law_simulation/src/main.py", line 175, in run_scenario_composition
    metrics = run_single_simulation(env, agents, config, metrics_collector, render=render_enabled)
              ^^^^^^^^^^^^^^^^^^^^^^^^^^^^^^^^^^^^^^^^^^^^^^^^^^^^^^^^^^^^^^^^^^^^^^^^^^^^^^^^^^^^
  File "/Users/shayvasilisky/Documents/Personal/TASP/Second Year/Semester B/רובוטים קוגניטיביים/Project CC_V2/social_law_simulation/src/main.py", line 114, in run_single_simulation
    final_metrics = metrics_collector.calculate_final_metrics()
                    ^^^^^^^^^^^^^^^^^^^^^^^^^^^^^^^^^^^^^^^^^^^
  File "/Users/shayvasilisky/Documents/Personal/TASP/Second Year/Semester B/רובוטים קוגניטיביים/Project CC_V2/social_law_simulation/src/metrics.py", line 269, in calculate_final_metrics
    metrics['acceleration_std'] = np.std(all_accelerations)
                                  ^^^^^^^^^^^^^^^^^^^^^^^^^
  File "/opt/miniconda3/lib/python3.12/site-packages/numpy/_core/fromnumeric.py", line 4064, in std
    return _methods._std(a, axis=axis, dtype=dtype, out=out, ddof=ddof,
           ^^^^^^^^^^^^^^^^^^^^^^^^^^^^^^^^^^^^^^^^^^^^^^^^^^^^^^^^^^^^
  File "/opt/miniconda3/lib/python3.12/site-packages/numpy/_core/_methods.py", line 223, in _std
    ret = _var(a, axis=axis, dtype=dtype, out=out, ddof=ddof,
          ^^^^^^^^^^^^^^^^^^^^^^^^^^^^^^^^^^^^^^^^^^^^^^^^^^^
  File "/opt/miniconda3/lib/python3.12/site-packages/numpy/_core/_methods.py", line 171, in _var
    arrmean = umr_sum(arr, axis, dtype, keepdims=True, where=where)
              ^^^^^^^^^^^^^^^^^^^^^^^^^^^^^^^^^^^^^^^^^^^^^^^^^^^^^
TypeError: unsupported operand type(s) for +: 'method' and 'method'

2025-08-12 22:23:33,560 - ERROR - Error in run 2: unsupported operand type(s) for +: 'method' and 'method'
2025-08-12 22:23:33,561 - ERROR - Traceback: Traceback (most recent call last):
  File "/Users/shayvasilisky/Documents/Personal/TASP/Second Year/Semester B/רובוטים קוגניטיביים/Project CC_V2/social_law_simulation/src/main.py", line 175, in run_scenario_composition
    metrics = run_single_simulation(env, agents, config, metrics_collector, render=render_enabled)
              ^^^^^^^^^^^^^^^^^^^^^^^^^^^^^^^^^^^^^^^^^^^^^^^^^^^^^^^^^^^^^^^^^^^^^^^^^^^^^^^^^^^^
  File "/Users/shayvasilisky/Documents/Personal/TASP/Second Year/Semester B/רובוטים קוגניטיביים/Project CC_V2/social_law_simulation/src/main.py", line 114, in run_single_simulation
    final_metrics = metrics_collector.calculate_final_metrics()
                    ^^^^^^^^^^^^^^^^^^^^^^^^^^^^^^^^^^^^^^^^^^^
  File "/Users/shayvasilisky/Documents/Personal/TASP/Second Year/Semester B/רובוטים קוגניטיביים/Project CC_V2/social_law_simulation/src/metrics.py", line 269, in calculate_final_metrics
    metrics['acceleration_std'] = np.std(all_accelerations)
                                  ^^^^^^^^^^^^^^^^^^^^^^^^^
  File "/opt/miniconda3/lib/python3.12/site-packages/numpy/_core/fromnumeric.py", line 4064, in std
    return _methods._std(a, axis=axis, dtype=dtype, out=out, ddof=ddof,
           ^^^^^^^^^^^^^^^^^^^^^^^^^^^^^^^^^^^^^^^^^^^^^^^^^^^^^^^^^^^^
  File "/opt/miniconda3/lib/python3.12/site-packages/numpy/_core/_methods.py", line 223, in _std
    ret = _var(a, axis=axis, dtype=dtype, out=out, ddof=ddof,
          ^^^^^^^^^^^^^^^^^^^^^^^^^^^^^^^^^^^^^^^^^^^^^^^^^^^
  File "/opt/miniconda3/lib/python3.12/site-packages/numpy/_core/_methods.py", line 171, in _var
    arrmean = umr_sum(arr, axis, dtype, keepdims=True, where=where)
              ^^^^^^^^^^^^^^^^^^^^^^^^^^^^^^^^^^^^^^^^^^^^^^^^^^^^^
TypeError: unsupported operand type(s) for +: 'method' and 'method'

2025-08-12 22:23:33,621 - ERROR - Error in run 3: unsupported operand type(s) for +: 'method' and 'method'
2025-08-12 22:23:33,621 - ERROR - Traceback: Traceback (most recent call last):
  File "/Users/shayvasilisky/Documents/Personal/TASP/Second Year/Semester B/רובוטים קוגניטיביים/Project CC_V2/social_law_simulation/src/main.py", line 175, in run_scenario_composition
    metrics = run_single_simulation(env, agents, config, metrics_collector, render=render_enabled)
              ^^^^^^^^^^^^^^^^^^^^^^^^^^^^^^^^^^^^^^^^^^^^^^^^^^^^^^^^^^^^^^^^^^^^^^^^^^^^^^^^^^^^
  File "/Users/shayvasilisky/Documents/Personal/TASP/Second Year/Semester B/רובוטים קוגניטיביים/Project CC_V2/social_law_simulation/src/main.py", line 114, in run_single_simulation
    final_metrics = metrics_collector.calculate_final_metrics()
                    ^^^^^^^^^^^^^^^^^^^^^^^^^^^^^^^^^^^^^^^^^^^
  File "/Users/shayvasilisky/Documents/Personal/TASP/Second Year/Semester B/רובוטים קוגניטיביים/Project CC_V2/social_law_simulation/src/metrics.py", line 269, in calculate_final_metrics
    metrics['acceleration_std'] = np.std(all_accelerations)
                                  ^^^^^^^^^^^^^^^^^^^^^^^^^
  File "/opt/miniconda3/lib/python3.12/site-packages/numpy/_core/fromnumeric.py", line 4064, in std
    return _methods._std(a, axis=axis, dtype=dtype, out=out, ddof=ddof,
           ^^^^^^^^^^^^^^^^^^^^^^^^^^^^^^^^^^^^^^^^^^^^^^^^^^^^^^^^^^^^
  File "/opt/miniconda3/lib/python3.12/site-packages/numpy/_core/_methods.py", line 223, in _std
    ret = _var(a, axis=axis, dtype=dtype, out=out, ddof=ddof,
          ^^^^^^^^^^^^^^^^^^^^^^^^^^^^^^^^^^^^^^^^^^^^^^^^^^^
  File "/opt/miniconda3/lib/python3.12/site-packages/numpy/_core/_methods.py", line 171, in _var
    arrmean = umr_sum(arr, axis, dtype, keepdims=True, where=where)
              ^^^^^^^^^^^^^^^^^^^^^^^^^^^^^^^^^^^^^^^^^^^^^^^^^^^^^
TypeError: unsupported operand type(s) for +: 'method' and 'method'

2025-08-12 22:23:33,691 - ERROR - Error in run 4: unsupported operand type(s) for +: 'method' and 'method'
2025-08-12 22:23:33,691 - ERROR - Traceback: Traceback (most recent call last):
  File "/Users/shayvasilisky/Documents/Personal/TASP/Second Year/Semester B/רובוטים קוגניטיביים/Project CC_V2/social_law_simulation/src/main.py", line 175, in run_scenario_composition
    metrics = run_single_simulation(env, agents, config, metrics_collector, render=render_enabled)
              ^^^^^^^^^^^^^^^^^^^^^^^^^^^^^^^^^^^^^^^^^^^^^^^^^^^^^^^^^^^^^^^^^^^^^^^^^^^^^^^^^^^^
  File "/Users/shayvasilisky/Documents/Personal/TASP/Second Year/Semester B/רובוטים קוגניטיביים/Project CC_V2/social_law_simulation/src/main.py", line 114, in run_single_simulation
    final_metrics = metrics_collector.calculate_final_metrics()
                    ^^^^^^^^^^^^^^^^^^^^^^^^^^^^^^^^^^^^^^^^^^^
  File "/Users/shayvasilisky/Documents/Personal/TASP/Second Year/Semester B/רובוטים קוגניטיביים/Project CC_V2/social_law_simulation/src/metrics.py", line 269, in calculate_final_metrics
    metrics['acceleration_std'] = np.std(all_accelerations)
                                  ^^^^^^^^^^^^^^^^^^^^^^^^^
  File "/opt/miniconda3/lib/python3.12/site-packages/numpy/_core/fromnumeric.py", line 4064, in std
    return _methods._std(a, axis=axis, dtype=dtype, out=out, ddof=ddof,
           ^^^^^^^^^^^^^^^^^^^^^^^^^^^^^^^^^^^^^^^^^^^^^^^^^^^^^^^^^^^^
  File "/opt/miniconda3/lib/python3.12/site-packages/numpy/_core/_methods.py", line 223, in _std
    ret = _var(a, axis=axis, dtype=dtype, out=out, ddof=ddof,
          ^^^^^^^^^^^^^^^^^^^^^^^^^^^^^^^^^^^^^^^^^^^^^^^^^^^
  File "/opt/miniconda3/lib/python3.12/site-packages/numpy/_core/_methods.py", line 171, in _var
    arrmean = umr_sum(arr, axis, dtype, keepdims=True, where=where)
              ^^^^^^^^^^^^^^^^^^^^^^^^^^^^^^^^^^^^^^^^^^^^^^^^^^^^^
TypeError: unsupported operand type(s) for +: 'method' and 'method'

2025-08-12 22:23:33,743 - ERROR - Error in run 5: unsupported operand type(s) for +: 'method' and 'method'
2025-08-12 22:23:33,743 - ERROR - Traceback: Traceback (most recent call last):
  File "/Users/shayvasilisky/Documents/Personal/TASP/Second Year/Semester B/רובוטים קוגניטיביים/Project CC_V2/social_law_simulation/src/main.py", line 175, in run_scenario_composition
    metrics = run_single_simulation(env, agents, config, metrics_collector, render=render_enabled)
              ^^^^^^^^^^^^^^^^^^^^^^^^^^^^^^^^^^^^^^^^^^^^^^^^^^^^^^^^^^^^^^^^^^^^^^^^^^^^^^^^^^^^
  File "/Users/shayvasilisky/Documents/Personal/TASP/Second Year/Semester B/רובוטים קוגניטיביים/Project CC_V2/social_law_simulation/src/main.py", line 114, in run_single_simulation
    final_metrics = metrics_collector.calculate_final_metrics()
                    ^^^^^^^^^^^^^^^^^^^^^^^^^^^^^^^^^^^^^^^^^^^
  File "/Users/shayvasilisky/Documents/Personal/TASP/Second Year/Semester B/רובוטים קוגניטיביים/Project CC_V2/social_law_simulation/src/metrics.py", line 269, in calculate_final_metrics
    metrics['acceleration_std'] = np.std(all_accelerations)
                                  ^^^^^^^^^^^^^^^^^^^^^^^^^
  File "/opt/miniconda3/lib/python3.12/site-packages/numpy/_core/fromnumeric.py", line 4064, in std
    return _methods._std(a, axis=axis, dtype=dtype, out=out, ddof=ddof,
           ^^^^^^^^^^^^^^^^^^^^^^^^^^^^^^^^^^^^^^^^^^^^^^^^^^^^^^^^^^^^
  File "/opt/miniconda3/lib/python3.12/site-packages/numpy/_core/_methods.py", line 223, in _std
    ret = _var(a, axis=axis, dtype=dtype, out=out, ddof=ddof,
          ^^^^^^^^^^^^^^^^^^^^^^^^^^^^^^^^^^^^^^^^^^^^^^^^^^^
  File "/opt/miniconda3/lib/python3.12/site-packages/numpy/_core/_methods.py", line 171, in _var
    arrmean = umr_sum(arr, axis, dtype, keepdims=True, where=where)
              ^^^^^^^^^^^^^^^^^^^^^^^^^^^^^^^^^^^^^^^^^^^^^^^^^^^^^
TypeError: unsupported operand type(s) for +: 'method' and 'method'

