2025-08-12 21:53:39,363 - INFO - Starting Decentralized Highway Traffic Simulation
2025-08-12 21:53:39,366 - INFO - Configuration loaded from test_config.yaml
2025-08-12 21:53:39,366 - INFO - Processing configuration 1/3: Highway_100_Selfish
2025-08-12 21:53:39,366 - INFO - Processing configuration 2/3: Highway_100_Cooperative
2025-08-12 21:53:39,366 - INFO - Running Highway_100_Cooperative with 0% Selfish, 100% Cooperative - 1 runs
2025-08-12 21:53:39,366 - INFO - Starting run 1/1
2025-08-12 21:53:40,036 - INFO - Using 11 existing vehicles as agents
2025-08-12 21:53:40,044 - INFO - Starting simulation with 11 agents for 100 steps
2025-08-12 21:53:40,185 - INFO - Step 0/100 completed
2025-08-12 21:53:41,225 - INFO - Simulation ended early at step 9
2025-08-12 21:53:41,225 - INFO - Simulation completed successfully
2025-08-12 21:53:41,226 - INFO - Run 1 completed - Avg Speed: 20.52, Collisions: 0
2025-08-12 21:53:41,342 - INFO - Completed Highway_100_Cooperative with 1 successful runs
2025-08-12 21:53:41,342 - INFO - Processing configuration 3/3: Highway_50_50_Mix
2025-08-12 21:53:41,342 - INFO - Generating final results and visualizations
2025-08-12 21:53:41,361 - INFO - Results saved to test_results/test_results.csv
2025-08-12 21:53:42,933 - INFO - Plots saved to test_plots
2025-08-12 21:53:42,933 - INFO -   - test_plots/highway_average_speed.png
2025-08-12 21:53:42,934 - INFO -   - test_plots/highway_collisions.png
2025-08-12 21:53:42,934 - INFO -   - test_plots/highway_acceleration_stability.png
2025-08-12 21:53:42,934 - INFO -   - test_plots/combined_efficiency_comparison.png
2025-08-12 21:53:42,934 - INFO -   - test_plots/combined_safety_comparison.png
2025-08-12 21:53:42,937 - INFO - Simulation study completed successfully
