2025-08-12 21:54:00,682 - INFO - Starting Decentralized Highway Traffic Simulation
2025-08-12 21:54:00,684 - INFO - Configuration loaded from test_config.yaml
2025-08-12 21:54:00,684 - INFO - Processing configuration 1/3: Highway_100_Selfish
2025-08-12 21:54:00,684 - INFO - Processing configuration 2/3: Highway_100_Cooperative
2025-08-12 21:54:00,684 - INFO - Processing configuration 3/3: Highway_50_50_Mix
2025-08-12 21:54:00,684 - INFO - Running Highway_50_50_Mix with 50% Selfish, 50% Cooperative - 1 runs
2025-08-12 21:54:00,684 - INFO - Starting run 1/1
2025-08-12 21:54:01,345 - INFO - Using 11 existing vehicles as agents
2025-08-12 21:54:01,353 - INFO - Starting simulation with 11 agents for 100 steps
2025-08-12 21:54:01,475 - INFO - Step 0/100 completed
2025-08-12 21:54:03,345 - INFO - Simulation ended early at step 19
2025-08-12 21:54:03,345 - INFO - Simulation completed successfully
2025-08-12 21:54:03,346 - INFO - Run 1 completed - Avg Speed: 21.34, Collisions: 0
2025-08-12 21:54:03,446 - INFO - Completed Highway_50_50_Mix with 1 successful runs
2025-08-12 21:54:03,446 - INFO - Generating final results and visualizations
2025-08-12 21:54:03,460 - INFO - Results saved to test_results/test_results.csv
2025-08-12 21:54:05,034 - INFO - Plots saved to test_plots
2025-08-12 21:54:05,034 - INFO -   - test_plots/highway_average_speed.png
2025-08-12 21:54:05,034 - INFO -   - test_plots/highway_collisions.png
2025-08-12 21:54:05,034 - INFO -   - test_plots/highway_acceleration_stability.png
2025-08-12 21:54:05,034 - INFO -   - test_plots/combined_efficiency_comparison.png
2025-08-12 21:54:05,034 - INFO -   - test_plots/combined_safety_comparison.png
2025-08-12 21:54:05,038 - INFO - Simulation study completed successfully
