2025-08-12 21:55:18,229 - INFO - Starting Decentralized Highway Traffic Simulation
2025-08-12 21:55:18,232 - INFO - Configuration loaded from config.yaml
2025-08-12 21:55:18,232 - INFO - Processing configuration 1/3: Highway_100_Selfish
2025-08-12 21:55:18,232 - INFO - Processing configuration 2/3: Highway_100_Cooperative
2025-08-12 21:55:18,232 - INFO - Running Highway_100_Cooperative with 0% Selfish, 100% Cooperative - 5 runs
2025-08-12 21:55:18,232 - INFO - Starting run 1/5
2025-08-12 21:55:18,940 - INFO - Using 51 existing vehicles as agents
2025-08-12 21:55:18,951 - INFO - Starting simulation with 51 agents for 1000 steps
2025-08-12 21:55:19,214 - INFO - Step 0/1000 completed
2025-08-12 21:55:28,106 - INFO - Simulation ended early at step 35
2025-08-12 21:55:28,107 - INFO - Simulation completed successfully
2025-08-12 21:55:28,107 - INFO - Run 1 completed - Avg Speed: 20.82, Collisions: 0
2025-08-12 21:55:28,216 - INFO - Starting run 2/5
2025-08-12 21:55:28,296 - INFO - Using 51 existing vehicles as agents
2025-08-12 21:55:28,307 - INFO - Starting simulation with 51 agents for 1000 steps
2025-08-12 21:55:28,561 - INFO - Step 0/1000 completed
2025-08-12 21:55:35,674 - INFO - Simulation ended early at step 28
2025-08-12 21:55:35,674 - INFO - Simulation completed successfully
2025-08-12 21:55:35,674 - INFO - Run 2 completed - Avg Speed: 20.87, Collisions: 0
2025-08-12 21:55:35,775 - INFO - Starting run 3/5
2025-08-12 21:55:35,844 - INFO - Using 51 existing vehicles as agents
2025-08-12 21:55:35,854 - INFO - Starting simulation with 51 agents for 1000 steps
2025-08-12 21:55:36,113 - INFO - Step 0/1000 completed
2025-08-12 21:55:44,016 - INFO - Simulation ended early at step 31
2025-08-12 21:55:44,016 - INFO - Simulation completed successfully
2025-08-12 21:55:44,016 - INFO - Run 3 completed - Avg Speed: 20.77, Collisions: 0
2025-08-12 21:55:44,116 - INFO - Starting run 4/5
2025-08-12 21:55:44,197 - INFO - Using 51 existing vehicles as agents
2025-08-12 21:55:44,206 - INFO - Starting simulation with 51 agents for 1000 steps
2025-08-12 21:55:44,464 - INFO - Step 0/1000 completed
2025-08-12 21:55:54,389 - INFO - Simulation ended early at step 39
2025-08-12 21:55:54,389 - INFO - Simulation completed successfully
2025-08-12 21:55:54,389 - INFO - Run 4 completed - Avg Speed: 20.75, Collisions: 0
2025-08-12 21:55:54,495 - INFO - Starting run 5/5
2025-08-12 21:55:54,579 - INFO - Using 51 existing vehicles as agents
2025-08-12 21:55:54,588 - INFO - Starting simulation with 51 agents for 1000 steps
2025-08-12 21:55:54,844 - INFO - Step 0/1000 completed
2025-08-12 21:55:59,676 - INFO - Simulation ended early at step 19
2025-08-12 21:55:59,676 - INFO - Simulation completed successfully
2025-08-12 21:55:59,676 - INFO - Run 5 completed - Avg Speed: 20.77, Collisions: 0
2025-08-12 21:55:59,786 - INFO - Completed Highway_100_Cooperative with 5 successful runs
2025-08-12 21:55:59,787 - INFO - Processing configuration 3/3: Highway_50_50_Mix
2025-08-12 21:55:59,787 - INFO - Generating final results and visualizations
2025-08-12 21:55:59,806 - INFO - Results saved to results/results.csv
2025-08-12 21:56:01,397 - INFO - Plots saved to plots
2025-08-12 21:56:01,397 - INFO -   - plots/highway_average_speed.png
2025-08-12 21:56:01,397 - INFO -   - plots/highway_collisions.png
2025-08-12 21:56:01,397 - INFO -   - plots/highway_acceleration_stability.png
2025-08-12 21:56:01,397 - INFO -   - plots/combined_efficiency_comparison.png
2025-08-12 21:56:01,397 - INFO -   - plots/combined_safety_comparison.png
2025-08-12 21:56:01,401 - INFO - Simulation study completed successfully
