2025-08-13 14:25:37,576 - INFO - Starting Decentralized Highway Traffic Simulation
2025-08-13 14:25:37,579 - INFO - Configuration loaded from config.yaml
2025-08-13 14:25:37,579 - INFO - Processing configuration 1/6: Highway_100_Selfish
2025-08-13 14:25:37,579 - INFO - Running Highway_100_Selfish with 100% Selfish, 0% Cooperative - 5 runs
2025-08-13 14:25:37,579 - INFO - Starting run 1/5
2025-08-13 14:25:37,586 - INFO - Created SelfishPolicy for ego vehicle
2025-08-13 14:25:37,593 - INFO - Starting simulation with SelfishPolicy for 1000 steps
2025-08-13 14:25:37,766 - INFO - Step 0/1000 completed
2025-08-13 14:25:44,410 - INFO - Simulation ended early at step 39
2025-08-13 14:25:44,410 - INFO - Simulation completed successfully
2025-08-13 14:25:44,410 - INFO - Run 1 completed - Avg Speed: 20.03, Collisions: 0
2025-08-13 14:25:44,411 - INFO - Starting run 2/5
2025-08-13 14:25:44,417 - INFO - Created SelfishPolicy for ego vehicle
2025-08-13 14:25:44,423 - INFO - Starting simulation with SelfishPolicy for 1000 steps
2025-08-13 14:25:44,600 - INFO - Step 0/1000 completed
2025-08-13 14:25:51,190 - INFO - Simulation ended early at step 39
2025-08-13 14:25:51,190 - INFO - Simulation completed successfully
2025-08-13 14:25:51,190 - INFO - Run 2 completed - Avg Speed: 20.03, Collisions: 0
2025-08-13 14:25:51,190 - INFO - Starting run 3/5
2025-08-13 14:25:51,196 - INFO - Created SelfishPolicy for ego vehicle
2025-08-13 14:25:51,203 - INFO - Starting simulation with SelfishPolicy for 1000 steps
2025-08-13 14:25:51,385 - INFO - Step 0/1000 completed
2025-08-13 14:25:57,927 - INFO - Simulation ended early at step 39
2025-08-13 14:25:57,927 - INFO - Simulation completed successfully
2025-08-13 14:25:57,927 - INFO - Run 3 completed - Avg Speed: 20.03, Collisions: 0
2025-08-13 14:25:57,927 - INFO - Starting run 4/5
2025-08-13 14:25:57,933 - INFO - Created SelfishPolicy for ego vehicle
2025-08-13 14:25:57,940 - INFO - Starting simulation with SelfishPolicy for 1000 steps
2025-08-13 14:25:58,113 - INFO - Step 0/1000 completed
2025-08-13 14:26:04,962 - INFO - Simulation ended early at step 39
2025-08-13 14:26:04,962 - INFO - Simulation completed successfully
2025-08-13 14:26:04,962 - INFO - Run 4 completed - Avg Speed: 20.03, Collisions: 0
2025-08-13 14:26:04,962 - INFO - Starting run 5/5
2025-08-13 14:26:04,971 - INFO - Created SelfishPolicy for ego vehicle
2025-08-13 14:26:04,981 - INFO - Starting simulation with SelfishPolicy for 1000 steps
2025-08-13 14:26:05,177 - INFO - Step 0/1000 completed
2025-08-13 14:26:11,749 - INFO - Simulation ended early at step 39
2025-08-13 14:26:11,749 - INFO - Simulation completed successfully
2025-08-13 14:26:11,749 - INFO - Run 5 completed - Avg Speed: 20.03, Collisions: 0
2025-08-13 14:26:11,749 - INFO - Completed Highway_100_Selfish with 5 successful runs
2025-08-13 14:26:11,749 - INFO - Processing configuration 2/6: Highway_100_Cooperative
2025-08-13 14:26:11,749 - INFO - Running Highway_100_Cooperative with 0% Selfish, 100% Cooperative - 5 runs
2025-08-13 14:26:11,749 - INFO - Starting run 1/5
2025-08-13 14:26:11,755 - INFO - Created CooperativePolicy for ego vehicle
2025-08-13 14:26:11,762 - INFO - Starting simulation with CooperativePolicy for 1000 steps
2025-08-13 14:26:11,935 - INFO - Step 0/1000 completed
2025-08-13 14:26:18,462 - INFO - Simulation ended early at step 39
2025-08-13 14:26:18,462 - INFO - Simulation completed successfully
2025-08-13 14:26:18,462 - INFO - Run 1 completed - Avg Speed: 20.03, Collisions: 0
2025-08-13 14:26:18,462 - INFO - Starting run 2/5
2025-08-13 14:26:18,469 - INFO - Created CooperativePolicy for ego vehicle
2025-08-13 14:26:18,475 - INFO - Starting simulation with CooperativePolicy for 1000 steps
2025-08-13 14:26:18,647 - INFO - Step 0/1000 completed
2025-08-13 14:26:25,151 - INFO - Simulation ended early at step 39
2025-08-13 14:26:25,151 - INFO - Simulation completed successfully
2025-08-13 14:26:25,151 - INFO - Run 2 completed - Avg Speed: 20.03, Collisions: 0
2025-08-13 14:26:25,151 - INFO - Starting run 3/5
2025-08-13 14:26:25,157 - INFO - Created CooperativePolicy for ego vehicle
2025-08-13 14:26:25,164 - INFO - Starting simulation with CooperativePolicy for 1000 steps
2025-08-13 14:26:25,339 - INFO - Step 0/1000 completed
2025-08-13 14:26:31,863 - INFO - Simulation ended early at step 39
2025-08-13 14:26:31,864 - INFO - Simulation completed successfully
2025-08-13 14:26:31,864 - INFO - Run 3 completed - Avg Speed: 20.03, Collisions: 0
2025-08-13 14:26:31,864 - INFO - Starting run 4/5
2025-08-13 14:26:31,870 - INFO - Created CooperativePolicy for ego vehicle
2025-08-13 14:26:31,876 - INFO - Starting simulation with CooperativePolicy for 1000 steps
2025-08-13 14:26:32,049 - INFO - Step 0/1000 completed
2025-08-13 14:26:38,588 - INFO - Simulation ended early at step 39
2025-08-13 14:26:38,588 - INFO - Simulation completed successfully
2025-08-13 14:26:38,588 - INFO - Run 4 completed - Avg Speed: 20.03, Collisions: 0
2025-08-13 14:26:38,588 - INFO - Starting run 5/5
2025-08-13 14:26:38,595 - INFO - Created CooperativePolicy for ego vehicle
2025-08-13 14:26:38,601 - INFO - Starting simulation with CooperativePolicy for 1000 steps
2025-08-13 14:26:38,774 - INFO - Step 0/1000 completed
2025-08-13 14:26:45,399 - INFO - Simulation ended early at step 39
2025-08-13 14:26:45,399 - INFO - Simulation completed successfully
2025-08-13 14:26:45,399 - INFO - Run 5 completed - Avg Speed: 20.03, Collisions: 0
2025-08-13 14:26:45,399 - INFO - Completed Highway_100_Cooperative with 5 successful runs
2025-08-13 14:26:45,399 - INFO - Processing configuration 3/6: Highway_50_50_Mix
2025-08-13 14:26:45,399 - INFO - Running Highway_50_50_Mix with 50% Selfish, 50% Cooperative - 5 runs
2025-08-13 14:26:45,399 - INFO - Starting run 1/5
2025-08-13 14:26:45,405 - INFO - Created CooperativePolicy for ego vehicle
2025-08-13 14:26:45,412 - INFO - Starting simulation with CooperativePolicy for 1000 steps
2025-08-13 14:26:45,594 - INFO - Step 0/1000 completed
2025-08-13 14:26:52,282 - INFO - Simulation ended early at step 39
2025-08-13 14:26:52,282 - INFO - Simulation completed successfully
2025-08-13 14:26:52,282 - INFO - Run 1 completed - Avg Speed: 20.03, Collisions: 0
2025-08-13 14:26:52,282 - INFO - Starting run 2/5
2025-08-13 14:26:52,289 - INFO - Created CooperativePolicy for ego vehicle
2025-08-13 14:26:52,295 - INFO - Starting simulation with CooperativePolicy for 1000 steps
2025-08-13 14:26:52,469 - INFO - Step 0/1000 completed
2025-08-13 14:26:59,393 - INFO - Simulation ended early at step 39
2025-08-13 14:26:59,394 - INFO - Simulation completed successfully
2025-08-13 14:26:59,394 - INFO - Run 2 completed - Avg Speed: 20.03, Collisions: 0
2025-08-13 14:26:59,394 - INFO - Starting run 3/5
2025-08-13 14:26:59,400 - INFO - Created CooperativePolicy for ego vehicle
2025-08-13 14:26:59,407 - INFO - Starting simulation with CooperativePolicy for 1000 steps
2025-08-13 14:26:59,580 - INFO - Step 0/1000 completed
2025-08-13 14:27:06,569 - INFO - Simulation ended early at step 39
2025-08-13 14:27:06,570 - INFO - Simulation completed successfully
2025-08-13 14:27:06,570 - INFO - Run 3 completed - Avg Speed: 20.03, Collisions: 0
2025-08-13 14:27:06,570 - INFO - Starting run 4/5
2025-08-13 14:27:06,576 - INFO - Created CooperativePolicy for ego vehicle
2025-08-13 14:27:06,582 - INFO - Starting simulation with CooperativePolicy for 1000 steps
2025-08-13 14:27:06,748 - INFO - Step 0/1000 completed
2025-08-13 14:27:13,203 - INFO - Simulation ended early at step 39
2025-08-13 14:27:13,203 - INFO - Simulation completed successfully
2025-08-13 14:27:13,203 - INFO - Run 4 completed - Avg Speed: 20.03, Collisions: 0
2025-08-13 14:27:13,203 - INFO - Starting run 5/5
2025-08-13 14:27:13,210 - INFO - Created CooperativePolicy for ego vehicle
2025-08-13 14:27:13,216 - INFO - Starting simulation with CooperativePolicy for 1000 steps
2025-08-13 14:27:13,391 - INFO - Step 0/1000 completed
2025-08-13 14:27:20,081 - INFO - Simulation ended early at step 39
2025-08-13 14:27:20,081 - INFO - Simulation completed successfully
2025-08-13 14:27:20,081 - INFO - Run 5 completed - Avg Speed: 20.03, Collisions: 0
2025-08-13 14:27:20,081 - INFO - Completed Highway_50_50_Mix with 5 successful runs
2025-08-13 14:27:20,081 - INFO - Processing configuration 4/6: Merge_100_Selfish
2025-08-13 14:27:20,081 - INFO - Running Merge_100_Selfish with 100% Selfish, 0% Cooperative - 5 runs
2025-08-13 14:27:20,081 - INFO - Starting run 1/5
2025-08-13 14:27:20,084 - INFO - Created SelfishPolicy for ego vehicle
2025-08-13 14:27:20,087 - INFO - Starting simulation with SelfishPolicy for 1000 steps
2025-08-13 14:27:20,095 - INFO - Step 0/1000 completed
2025-08-13 14:27:20,238 - INFO - Simulation ended early at step 16
2025-08-13 14:27:20,238 - INFO - Simulation completed successfully
2025-08-13 14:27:20,238 - INFO - Run 1 completed - Avg Speed: 20.42, Collisions: 0
2025-08-13 14:27:20,238 - INFO - Starting run 2/5
2025-08-13 14:27:20,241 - INFO - Created SelfishPolicy for ego vehicle
2025-08-13 14:27:20,244 - INFO - Starting simulation with SelfishPolicy for 1000 steps
2025-08-13 14:27:20,252 - INFO - Step 0/1000 completed
2025-08-13 14:27:20,397 - INFO - Simulation ended early at step 16
2025-08-13 14:27:20,397 - INFO - Simulation completed successfully
2025-08-13 14:27:20,397 - INFO - Run 2 completed - Avg Speed: 20.42, Collisions: 0
2025-08-13 14:27:20,397 - INFO - Starting run 3/5
2025-08-13 14:27:20,400 - INFO - Created SelfishPolicy for ego vehicle
2025-08-13 14:27:20,403 - INFO - Starting simulation with SelfishPolicy for 1000 steps
2025-08-13 14:27:20,411 - INFO - Step 0/1000 completed
2025-08-13 14:27:20,554 - INFO - Simulation ended early at step 16
2025-08-13 14:27:20,554 - INFO - Simulation completed successfully
2025-08-13 14:27:20,554 - INFO - Run 3 completed - Avg Speed: 20.42, Collisions: 0
2025-08-13 14:27:20,554 - INFO - Starting run 4/5
2025-08-13 14:27:20,557 - INFO - Created SelfishPolicy for ego vehicle
2025-08-13 14:27:20,560 - INFO - Starting simulation with SelfishPolicy for 1000 steps
2025-08-13 14:27:20,569 - INFO - Step 0/1000 completed
2025-08-13 14:27:20,703 - INFO - Simulation ended early at step 16
2025-08-13 14:27:20,703 - INFO - Simulation completed successfully
2025-08-13 14:27:20,704 - INFO - Run 4 completed - Avg Speed: 20.42, Collisions: 0
2025-08-13 14:27:20,704 - INFO - Starting run 5/5
2025-08-13 14:27:20,707 - INFO - Created SelfishPolicy for ego vehicle
2025-08-13 14:27:20,709 - INFO - Starting simulation with SelfishPolicy for 1000 steps
2025-08-13 14:27:20,717 - INFO - Step 0/1000 completed
2025-08-13 14:27:20,867 - INFO - Simulation ended early at step 16
2025-08-13 14:27:20,867 - INFO - Simulation completed successfully
2025-08-13 14:27:20,867 - INFO - Run 5 completed - Avg Speed: 20.42, Collisions: 0
2025-08-13 14:27:20,867 - INFO - Completed Merge_100_Selfish with 5 successful runs
2025-08-13 14:27:20,868 - INFO - Processing configuration 5/6: Merge_100_Cooperative
2025-08-13 14:27:20,868 - INFO - Running Merge_100_Cooperative with 0% Selfish, 100% Cooperative - 5 runs
2025-08-13 14:27:20,868 - INFO - Starting run 1/5
2025-08-13 14:27:20,871 - INFO - Created CooperativePolicy for ego vehicle
2025-08-13 14:27:20,873 - INFO - Starting simulation with CooperativePolicy for 1000 steps
2025-08-13 14:27:20,882 - INFO - Step 0/1000 completed
2025-08-13 14:27:21,027 - INFO - Simulation ended early at step 16
2025-08-13 14:27:21,028 - INFO - Simulation completed successfully
2025-08-13 14:27:21,028 - INFO - Run 1 completed - Avg Speed: 20.42, Collisions: 0
2025-08-13 14:27:21,028 - INFO - Starting run 2/5
2025-08-13 14:27:21,031 - INFO - Created CooperativePolicy for ego vehicle
2025-08-13 14:27:21,033 - INFO - Starting simulation with CooperativePolicy for 1000 steps
2025-08-13 14:27:21,042 - INFO - Step 0/1000 completed
2025-08-13 14:27:21,188 - INFO - Simulation ended early at step 16
2025-08-13 14:27:21,188 - INFO - Simulation completed successfully
2025-08-13 14:27:21,188 - INFO - Run 2 completed - Avg Speed: 20.42, Collisions: 0
2025-08-13 14:27:21,188 - INFO - Starting run 3/5
2025-08-13 14:27:21,191 - INFO - Created CooperativePolicy for ego vehicle
2025-08-13 14:27:21,193 - INFO - Starting simulation with CooperativePolicy for 1000 steps
2025-08-13 14:27:21,202 - INFO - Step 0/1000 completed
2025-08-13 14:27:21,348 - INFO - Simulation ended early at step 16
2025-08-13 14:27:21,348 - INFO - Simulation completed successfully
2025-08-13 14:27:21,348 - INFO - Run 3 completed - Avg Speed: 20.42, Collisions: 0
2025-08-13 14:27:21,348 - INFO - Starting run 4/5
2025-08-13 14:27:21,351 - INFO - Created CooperativePolicy for ego vehicle
2025-08-13 14:27:21,354 - INFO - Starting simulation with CooperativePolicy for 1000 steps
2025-08-13 14:27:21,362 - INFO - Step 0/1000 completed
2025-08-13 14:27:21,507 - INFO - Simulation ended early at step 16
2025-08-13 14:27:21,508 - INFO - Simulation completed successfully
2025-08-13 14:27:21,508 - INFO - Run 4 completed - Avg Speed: 20.42, Collisions: 0
2025-08-13 14:27:21,508 - INFO - Starting run 5/5
2025-08-13 14:27:21,511 - INFO - Created CooperativePolicy for ego vehicle
2025-08-13 14:27:21,513 - INFO - Starting simulation with CooperativePolicy for 1000 steps
2025-08-13 14:27:21,522 - INFO - Step 0/1000 completed
2025-08-13 14:27:21,653 - INFO - Simulation ended early at step 16
2025-08-13 14:27:21,653 - INFO - Simulation completed successfully
2025-08-13 14:27:21,653 - INFO - Run 5 completed - Avg Speed: 20.42, Collisions: 0
2025-08-13 14:27:21,653 - INFO - Completed Merge_100_Cooperative with 5 successful runs
2025-08-13 14:27:21,653 - INFO - Processing configuration 6/6: Merge_50_50_Mix
2025-08-13 14:27:21,653 - INFO - Running Merge_50_50_Mix with 50% Selfish, 50% Cooperative - 5 runs
2025-08-13 14:27:21,653 - INFO - Starting run 1/5
2025-08-13 14:27:21,656 - INFO - Created CooperativePolicy for ego vehicle
2025-08-13 14:27:21,659 - INFO - Starting simulation with CooperativePolicy for 1000 steps
2025-08-13 14:27:21,667 - INFO - Step 0/1000 completed
2025-08-13 14:27:21,779 - INFO - Simulation ended early at step 13
2025-08-13 14:27:21,780 - INFO - Simulation completed successfully
2025-08-13 14:27:21,780 - INFO - Run 1 completed - Avg Speed: 20.54, Collisions: 2
2025-08-13 14:27:21,780 - INFO - Starting run 2/5
2025-08-13 14:27:21,782 - INFO - Created CooperativePolicy for ego vehicle
2025-08-13 14:27:21,785 - INFO - Starting simulation with CooperativePolicy for 1000 steps
2025-08-13 14:27:21,793 - INFO - Step 0/1000 completed
2025-08-13 14:27:21,931 - INFO - Simulation ended early at step 16
2025-08-13 14:27:21,931 - INFO - Simulation completed successfully
2025-08-13 14:27:21,931 - INFO - Run 2 completed - Avg Speed: 20.42, Collisions: 0
2025-08-13 14:27:21,931 - INFO - Starting run 3/5
2025-08-13 14:27:21,934 - INFO - Created CooperativePolicy for ego vehicle
2025-08-13 14:27:21,937 - INFO - Starting simulation with CooperativePolicy for 1000 steps
2025-08-13 14:27:21,946 - INFO - Step 0/1000 completed
2025-08-13 14:27:22,091 - INFO - Simulation ended early at step 16
2025-08-13 14:27:22,091 - INFO - Simulation completed successfully
2025-08-13 14:27:22,091 - INFO - Run 3 completed - Avg Speed: 20.42, Collisions: 0
2025-08-13 14:27:22,091 - INFO - Starting run 4/5
2025-08-13 14:27:22,094 - INFO - Created CooperativePolicy for ego vehicle
2025-08-13 14:27:22,097 - INFO - Starting simulation with CooperativePolicy for 1000 steps
2025-08-13 14:27:22,105 - INFO - Step 0/1000 completed
2025-08-13 14:27:22,252 - INFO - Simulation ended early at step 16
2025-08-13 14:27:22,252 - INFO - Simulation completed successfully
2025-08-13 14:27:22,252 - INFO - Run 4 completed - Avg Speed: 20.42, Collisions: 0
2025-08-13 14:27:22,252 - INFO - Starting run 5/5
2025-08-13 14:27:22,255 - INFO - Created CooperativePolicy for ego vehicle
2025-08-13 14:27:22,258 - INFO - Starting simulation with CooperativePolicy for 1000 steps
2025-08-13 14:27:22,267 - INFO - Step 0/1000 completed
2025-08-13 14:27:22,414 - INFO - Simulation ended early at step 16
2025-08-13 14:27:22,414 - INFO - Simulation completed successfully
2025-08-13 14:27:22,414 - INFO - Run 5 completed - Avg Speed: 20.42, Collisions: 0
2025-08-13 14:27:22,414 - INFO - Completed Merge_50_50_Mix with 5 successful runs
2025-08-13 14:27:22,414 - INFO - Generating final results and visualizations
2025-08-13 14:27:22,424 - INFO - Results saved to results/results.csv
2025-08-13 14:27:25,305 - INFO - Plots saved to plots
2025-08-13 14:27:25,305 - INFO -   - plots/highway_average_speed.png
2025-08-13 14:27:25,305 - INFO -   - plots/highway_collisions.png
2025-08-13 14:27:25,305 - INFO -   - plots/highway_acceleration_stability.png
2025-08-13 14:27:25,305 - INFO -   - plots/merge_average_speed.png
2025-08-13 14:27:25,305 - INFO -   - plots/merge_collisions.png
2025-08-13 14:27:25,305 - INFO -   - plots/merge_acceleration_stability.png
2025-08-13 14:27:25,305 - INFO -   - plots/merge_merge_success_rate.png
2025-08-13 14:27:25,305 - INFO -   - plots/combined_efficiency_comparison.png
2025-08-13 14:27:25,305 - INFO -   - plots/combined_safety_comparison.png
2025-08-13 14:27:25,310 - INFO - Simulation study completed successfully
