2025-08-12 21:49:51,383 - INFO - Starting Decentralized Highway Traffic Simulation
2025-08-12 21:49:51,386 - INFO - Configuration loaded from config.yaml
2025-08-12 21:49:51,386 - INFO - Processing configuration 1/3: Merge_100_Selfish
2025-08-12 21:49:51,386 - INFO - Processing configuration 2/3: Merge_100_Cooperative
2025-08-12 21:49:51,386 - INFO - Processing configuration 3/3: Merge_50_50_Mix
2025-08-12 21:49:51,386 - INFO - Running Merge_50_50_Mix with 50% Selfish, 50% Cooperative - 5 runs
2025-08-12 21:49:51,386 - INFO - Starting run 1/5
2025-08-12 21:49:52,052 - INFO - Using 5 existing vehicles as agents
2025-08-12 21:49:52,058 - INFO - Starting simulation with 5 agents for 1000 steps
2025-08-12 21:49:52,162 - INFO - Step 0/1000 completed
2025-08-12 21:49:52,752 - INFO - Simulation ended early at step 7
2025-08-12 21:49:52,753 - INFO - Simulation completed successfully
2025-08-12 21:49:52,753 - INFO - Run 1 completed - Avg Speed: 20.88, Collisions: 0
2025-08-12 21:49:52,857 - INFO - Starting run 2/5
2025-08-12 21:49:52,934 - INFO - Using 5 existing vehicles as agents
2025-08-12 21:49:52,940 - INFO - Starting simulation with 5 agents for 1000 steps
2025-08-12 21:49:53,051 - INFO - Step 0/1000 completed
2025-08-12 21:49:53,635 - INFO - Simulation ended early at step 7
2025-08-12 21:49:53,635 - INFO - Simulation completed successfully
2025-08-12 21:49:53,635 - INFO - Run 2 completed - Avg Speed: 20.97, Collisions: 0
2025-08-12 21:49:53,741 - INFO - Starting run 3/5
2025-08-12 21:49:53,812 - INFO - Using 5 existing vehicles as agents
2025-08-12 21:49:53,818 - INFO - Starting simulation with 5 agents for 1000 steps
2025-08-12 21:49:53,940 - INFO - Step 0/1000 completed
2025-08-12 21:49:54,438 - INFO - Simulation ended early at step 6
2025-08-12 21:49:54,438 - INFO - Simulation completed successfully
2025-08-12 21:49:54,439 - INFO - Run 3 completed - Avg Speed: 21.75, Collisions: 0
2025-08-12 21:49:54,530 - INFO - Starting run 4/5
2025-08-12 21:49:54,593 - INFO - Using 5 existing vehicles as agents
2025-08-12 21:49:54,599 - INFO - Starting simulation with 5 agents for 1000 steps
2025-08-12 21:49:54,708 - INFO - Step 0/1000 completed
2025-08-12 21:49:55,209 - INFO - Simulation ended early at step 6
2025-08-12 21:49:55,209 - INFO - Simulation completed successfully
2025-08-12 21:49:55,209 - INFO - Run 4 completed - Avg Speed: 22.09, Collisions: 0
2025-08-12 21:49:55,321 - INFO - Starting run 5/5
2025-08-12 21:49:55,396 - INFO - Using 5 existing vehicles as agents
2025-08-12 21:49:55,402 - INFO - Starting simulation with 5 agents for 1000 steps
2025-08-12 21:49:55,514 - INFO - Step 0/1000 completed
2025-08-12 21:49:56,105 - INFO - Simulation ended early at step 7
2025-08-12 21:49:56,106 - INFO - Simulation completed successfully
2025-08-12 21:49:56,106 - INFO - Run 5 completed - Avg Speed: 21.54, Collisions: 0
2025-08-12 21:49:56,215 - INFO - Completed Merge_50_50_Mix with 5 successful runs
2025-08-12 21:49:56,215 - INFO - Generating final results and visualizations
2025-08-12 21:49:56,239 - INFO - Results saved to results/results.csv
2025-08-12 21:49:58,000 - INFO - Plots saved to plots
2025-08-12 21:49:58,000 - INFO -   - plots/merge_average_speed.png
2025-08-12 21:49:58,000 - INFO -   - plots/merge_collisions.png
2025-08-12 21:49:58,000 - INFO -   - plots/merge_acceleration_stability.png
2025-08-12 21:49:58,000 - INFO -   - plots/merge_merge_success_rate.png
2025-08-12 21:49:58,000 - INFO -   - plots/combined_efficiency_comparison.png
2025-08-12 21:49:58,000 - INFO -   - plots/combined_safety_comparison.png
2025-08-12 21:49:58,004 - INFO - Simulation study completed successfully
