2025-08-12 22:54:58,762 - INFO - Starting Decentralized Highway Traffic Simulation
2025-08-12 22:54:58,765 - INFO - Configuration loaded from config.yaml
2025-08-12 22:54:58,765 - INFO - Processing configuration 1/3: Merge_100_Selfish
2025-08-12 22:54:58,765 - INFO - Processing configuration 2/3: Merge_100_Cooperative
2025-08-12 22:54:58,765 - INFO - Running Merge_100_Cooperative with 0% Selfish, 100% Cooperative - 5 runs
2025-08-12 22:54:58,765 - INFO - Starting run 1/5
2025-08-12 22:54:59,412 - INFO - Created CooperativePolicy for ego vehicle
2025-08-12 22:54:59,420 - INFO - Starting simulation with CooperativePolicy for 1000 steps
2025-08-12 22:54:59,537 - INFO - Step 0/1000 completed
2025-08-12 22:55:00,884 - INFO - Simulation ended early at step 16
2025-08-12 22:55:00,885 - INFO - Simulation completed successfully
2025-08-12 22:55:00,885 - INFO - Run 1 completed - Avg Speed: 20.42, Collisions: 0
2025-08-12 22:55:00,995 - INFO - Starting run 2/5
2025-08-12 22:55:01,059 - INFO - Created CooperativePolicy for ego vehicle
2025-08-12 22:55:01,067 - INFO - Starting simulation with CooperativePolicy for 1000 steps
2025-08-12 22:55:01,177 - INFO - Step 0/1000 completed
2025-08-12 22:55:02,271 - INFO - Simulation ended early at step 13
2025-08-12 22:55:02,272 - INFO - Simulation completed successfully
2025-08-12 22:55:02,272 - INFO - Run 2 completed - Avg Speed: 20.54, Collisions: 2
2025-08-12 22:55:02,378 - INFO - Starting run 3/5
2025-08-12 22:55:02,445 - INFO - Created CooperativePolicy for ego vehicle
2025-08-12 22:55:02,453 - INFO - Starting simulation with CooperativePolicy for 1000 steps
2025-08-12 22:55:02,562 - INFO - Step 0/1000 completed
2025-08-12 22:55:03,921 - INFO - Simulation ended early at step 16
2025-08-12 22:55:03,922 - INFO - Simulation completed successfully
2025-08-12 22:55:03,922 - INFO - Run 3 completed - Avg Speed: 20.42, Collisions: 0
2025-08-12 22:55:04,030 - INFO - Starting run 4/5
2025-08-12 22:55:04,083 - INFO - Created CooperativePolicy for ego vehicle
2025-08-12 22:55:04,091 - INFO - Starting simulation with CooperativePolicy for 1000 steps
2025-08-12 22:55:04,208 - INFO - Step 0/1000 completed
2025-08-12 22:55:05,566 - INFO - Simulation ended early at step 16
2025-08-12 22:55:05,567 - INFO - Simulation completed successfully
2025-08-12 22:55:05,567 - INFO - Run 4 completed - Avg Speed: 20.42, Collisions: 0
2025-08-12 22:55:05,674 - INFO - Starting run 5/5
2025-08-12 22:55:05,741 - INFO - Created CooperativePolicy for ego vehicle
2025-08-12 22:55:05,748 - INFO - Starting simulation with CooperativePolicy for 1000 steps
2025-08-12 22:55:05,860 - INFO - Step 0/1000 completed
2025-08-12 22:55:07,197 - INFO - Simulation ended early at step 16
2025-08-12 22:55:07,197 - INFO - Simulation completed successfully
2025-08-12 22:55:07,197 - INFO - Run 5 completed - Avg Speed: 20.42, Collisions: 0
2025-08-12 22:55:07,305 - INFO - Completed Merge_100_Cooperative with 5 successful runs
2025-08-12 22:55:07,305 - INFO - Processing configuration 3/3: Merge_50_50_Mix
2025-08-12 22:55:07,306 - INFO - Generating final results and visualizations
2025-08-12 22:55:07,330 - INFO - Results saved to results/results.csv
2025-08-12 22:55:09,193 - INFO - Plots saved to plots
2025-08-12 22:55:09,193 - INFO -   - plots/merge_average_speed.png
2025-08-12 22:55:09,193 - INFO -   - plots/merge_collisions.png
2025-08-12 22:55:09,193 - INFO -   - plots/merge_acceleration_stability.png
2025-08-12 22:55:09,193 - INFO -   - plots/merge_merge_success_rate.png
2025-08-12 22:55:09,193 - INFO -   - plots/combined_efficiency_comparison.png
2025-08-12 22:55:09,193 - INFO -   - plots/combined_safety_comparison.png
2025-08-12 22:55:09,197 - INFO - Simulation study completed successfully
