2025-08-12 22:22:08,270 - INFO - Starting Decentralized Highway Traffic Simulation
2025-08-12 22:22:08,273 - INFO - Configuration loaded from config.yaml
2025-08-12 22:22:08,273 - INFO - Processing configuration 1/3: Highway_100_Selfish
2025-08-12 22:22:08,273 - INFO - Processing configuration 2/3: Highway_100_Cooperative
2025-08-12 22:22:08,273 - INFO - Running Highway_100_Cooperative with 0% Selfish, 100% Cooperative - 5 runs
2025-08-12 22:22:08,273 - INFO - Starting run 1/5
2025-08-12 22:22:08,952 - INFO - Created CooperativeAgent to control ego vehicle
2025-08-12 22:22:08,963 - INFO - Starting simulation with 1 agents for 1000 steps
2025-08-12 22:22:08,963 - ERROR - Error during simulation: 'CooperativeAgent' object has no attribute '_calculate_local_density_from_obs'
2025-08-12 22:22:08,963 - ERROR - Error in run 1: 'CooperativeAgent' object has no attribute '_calculate_local_density_from_obs'
2025-08-12 22:22:08,966 - ERROR - Traceback: Traceback (most recent call last):
  File "/Users/shayvasilisky/Documents/Personal/TASP/Second Year/Semester B/רובוטים קוגניטיביים/Project CC_V2/social_law_simulation/src/main.py", line 175, in run_scenario_composition
    metrics = run_single_simulation(env, agents, config, metrics_collector, render=render_enabled)
              ^^^^^^^^^^^^^^^^^^^^^^^^^^^^^^^^^^^^^^^^^^^^^^^^^^^^^^^^^^^^^^^^^^^^^^^^^^^^^^^^^^^^
  File "/Users/shayvasilisky/Documents/Personal/TASP/Second Year/Semester B/רובוטים קוגניטיביים/Project CC_V2/social_law_simulation/src/main.py", line 82, in run_single_simulation
    action = ego_agent.act(obs)
             ^^^^^^^^^^^^^^^^^^
  File "/Users/shayvasilisky/Documents/Personal/TASP/Second Year/Semester B/רובוטים קוגניטיביים/Project CC_V2/social_law_simulation/src/policies/cooperative_policy.py", line 108, in act
    self._check_phantom_jam_mitigation_from_obs(obs)
  File "/Users/shayvasilisky/Documents/Personal/TASP/Second Year/Semester B/רובוטים קוגניטיביים/Project CC_V2/social_law_simulation/src/policies/cooperative_policy.py", line 240, in _check_phantom_jam_mitigation_from_obs
    density = self._calculate_local_density_from_obs(obs)
              ^^^^^^^^^^^^^^^^^^^^^^^^^^^^^^^^^^^^^^
AttributeError: 'CooperativeAgent' object has no attribute '_calculate_local_density_from_obs'. Did you mean: '_calculate_local_density'?

2025-08-12 22:22:08,966 - INFO - Starting run 2/5
2025-08-12 22:22:08,992 - INFO - Created CooperativeAgent to control ego vehicle
2025-08-12 22:22:09,001 - INFO - Starting simulation with 1 agents for 1000 steps
2025-08-12 22:22:09,001 - ERROR - Error during simulation: 'CooperativeAgent' object has no attribute '_calculate_local_density_from_obs'
2025-08-12 22:22:09,001 - ERROR - Error in run 2: 'CooperativeAgent' object has no attribute '_calculate_local_density_from_obs'
2025-08-12 22:22:09,003 - ERROR - Traceback: Traceback (most recent call last):
  File "/Users/shayvasilisky/Documents/Personal/TASP/Second Year/Semester B/רובוטים קוגניטיביים/Project CC_V2/social_law_simulation/src/main.py", line 175, in run_scenario_composition
    metrics = run_single_simulation(env, agents, config, metrics_collector, render=render_enabled)
              ^^^^^^^^^^^^^^^^^^^^^^^^^^^^^^^^^^^^^^^^^^^^^^^^^^^^^^^^^^^^^^^^^^^^^^^^^^^^^^^^^^^^
  File "/Users/shayvasilisky/Documents/Personal/TASP/Second Year/Semester B/רובוטים קוגניטיביים/Project CC_V2/social_law_simulation/src/main.py", line 82, in run_single_simulation
    action = ego_agent.act(obs)
             ^^^^^^^^^^^^^^^^^^
  File "/Users/shayvasilisky/Documents/Personal/TASP/Second Year/Semester B/רובוטים קוגניטיביים/Project CC_V2/social_law_simulation/src/policies/cooperative_policy.py", line 108, in act
    self._check_phantom_jam_mitigation_from_obs(obs)
  File "/Users/shayvasilisky/Documents/Personal/TASP/Second Year/Semester B/רובוטים קוגניטיביים/Project CC_V2/social_law_simulation/src/policies/cooperative_policy.py", line 240, in _check_phantom_jam_mitigation_from_obs
    density = self._calculate_local_density_from_obs(obs)
              ^^^^^^^^^^^^^^^^^^^^^^^^^^^^^^^^^^^^^^
AttributeError: 'CooperativeAgent' object has no attribute '_calculate_local_density_from_obs'. Did you mean: '_calculate_local_density'?

2025-08-12 22:22:09,003 - INFO - Starting run 3/5
2025-08-12 22:22:09,025 - INFO - Created CooperativeAgent to control ego vehicle
2025-08-12 22:22:09,033 - INFO - Starting simulation with 1 agents for 1000 steps
2025-08-12 22:22:09,034 - ERROR - Error during simulation: 'CooperativeAgent' object has no attribute '_calculate_local_density_from_obs'
2025-08-12 22:22:09,034 - ERROR - Error in run 3: 'CooperativeAgent' object has no attribute '_calculate_local_density_from_obs'
2025-08-12 22:22:09,036 - ERROR - Traceback: Traceback (most recent call last):
  File "/Users/shayvasilisky/Documents/Personal/TASP/Second Year/Semester B/רובוטים קוגניטיביים/Project CC_V2/social_law_simulation/src/main.py", line 175, in run_scenario_composition
    metrics = run_single_simulation(env, agents, config, metrics_collector, render=render_enabled)
              ^^^^^^^^^^^^^^^^^^^^^^^^^^^^^^^^^^^^^^^^^^^^^^^^^^^^^^^^^^^^^^^^^^^^^^^^^^^^^^^^^^^^
  File "/Users/shayvasilisky/Documents/Personal/TASP/Second Year/Semester B/רובוטים קוגניטיביים/Project CC_V2/social_law_simulation/src/main.py", line 82, in run_single_simulation
    action = ego_agent.act(obs)
             ^^^^^^^^^^^^^^^^^^
  File "/Users/shayvasilisky/Documents/Personal/TASP/Second Year/Semester B/רובוטים קוגניטיביים/Project CC_V2/social_law_simulation/src/policies/cooperative_policy.py", line 108, in act
    self._check_phantom_jam_mitigation_from_obs(obs)
  File "/Users/shayvasilisky/Documents/Personal/TASP/Second Year/Semester B/רובוטים קוגניטיביים/Project CC_V2/social_law_simulation/src/policies/cooperative_policy.py", line 240, in _check_phantom_jam_mitigation_from_obs
    density = self._calculate_local_density_from_obs(obs)
              ^^^^^^^^^^^^^^^^^^^^^^^^^^^^^^^^^^^^^^
AttributeError: 'CooperativeAgent' object has no attribute '_calculate_local_density_from_obs'. Did you mean: '_calculate_local_density'?

2025-08-12 22:22:09,036 - INFO - Starting run 4/5
2025-08-12 22:22:09,057 - INFO - Created CooperativeAgent to control ego vehicle
2025-08-12 22:22:09,065 - INFO - Starting simulation with 1 agents for 1000 steps
2025-08-12 22:22:09,065 - ERROR - Error during simulation: 'CooperativeAgent' object has no attribute '_calculate_local_density_from_obs'
2025-08-12 22:22:09,065 - ERROR - Error in run 4: 'CooperativeAgent' object has no attribute '_calculate_local_density_from_obs'
2025-08-12 22:22:09,067 - ERROR - Traceback: Traceback (most recent call last):
  File "/Users/shayvasilisky/Documents/Personal/TASP/Second Year/Semester B/רובוטים קוגניטיביים/Project CC_V2/social_law_simulation/src/main.py", line 175, in run_scenario_composition
    metrics = run_single_simulation(env, agents, config, metrics_collector, render=render_enabled)
              ^^^^^^^^^^^^^^^^^^^^^^^^^^^^^^^^^^^^^^^^^^^^^^^^^^^^^^^^^^^^^^^^^^^^^^^^^^^^^^^^^^^^
  File "/Users/shayvasilisky/Documents/Personal/TASP/Second Year/Semester B/רובוטים קוגניטיביים/Project CC_V2/social_law_simulation/src/main.py", line 82, in run_single_simulation
    action = ego_agent.act(obs)
             ^^^^^^^^^^^^^^^^^^
  File "/Users/shayvasilisky/Documents/Personal/TASP/Second Year/Semester B/רובוטים קוגניטיביים/Project CC_V2/social_law_simulation/src/policies/cooperative_policy.py", line 108, in act
    self._check_phantom_jam_mitigation_from_obs(obs)
  File "/Users/shayvasilisky/Documents/Personal/TASP/Second Year/Semester B/רובוטים קוגניטיביים/Project CC_V2/social_law_simulation/src/policies/cooperative_policy.py", line 240, in _check_phantom_jam_mitigation_from_obs
    density = self._calculate_local_density_from_obs(obs)
              ^^^^^^^^^^^^^^^^^^^^^^^^^^^^^^^^^^^^^^
AttributeError: 'CooperativeAgent' object has no attribute '_calculate_local_density_from_obs'. Did you mean: '_calculate_local_density'?

2025-08-12 22:22:09,067 - INFO - Starting run 5/5
2025-08-12 22:22:09,088 - INFO - Created CooperativeAgent to control ego vehicle
2025-08-12 22:22:09,096 - INFO - Starting simulation with 1 agents for 1000 steps
2025-08-12 22:22:09,096 - ERROR - Error during simulation: 'CooperativeAgent' object has no attribute '_calculate_local_density_from_obs'
2025-08-12 22:22:09,096 - ERROR - Error in run 5: 'CooperativeAgent' object has no attribute '_calculate_local_density_from_obs'
2025-08-12 22:22:09,098 - ERROR - Traceback: Traceback (most recent call last):
  File "/Users/shayvasilisky/Documents/Personal/TASP/Second Year/Semester B/רובוטים קוגניטיביים/Project CC_V2/social_law_simulation/src/main.py", line 175, in run_scenario_composition
    metrics = run_single_simulation(env, agents, config, metrics_collector, render=render_enabled)
              ^^^^^^^^^^^^^^^^^^^^^^^^^^^^^^^^^^^^^^^^^^^^^^^^^^^^^^^^^^^^^^^^^^^^^^^^^^^^^^^^^^^^
  File "/Users/shayvasilisky/Documents/Personal/TASP/Second Year/Semester B/רובוטים קוגניטיביים/Project CC_V2/social_law_simulation/src/main.py", line 82, in run_single_simulation
    action = ego_agent.act(obs)
             ^^^^^^^^^^^^^^^^^^
  File "/Users/shayvasilisky/Documents/Personal/TASP/Second Year/Semester B/רובוטים קוגניטיביים/Project CC_V2/social_law_simulation/src/policies/cooperative_policy.py", line 108, in act
    self._check_phantom_jam_mitigation_from_obs(obs)
  File "/Users/shayvasilisky/Documents/Personal/TASP/Second Year/Semester B/רובוטים קוגניטיביים/Project CC_V2/social_law_simulation/src/policies/cooperative_policy.py", line 240, in _check_phantom_jam_mitigation_from_obs
    density = self._calculate_local_density_from_obs(obs)
              ^^^^^^^^^^^^^^^^^^^^^^^^^^^^^^^^^^^^^^
AttributeError: 'CooperativeAgent' object has no attribute '_calculate_local_density_from_obs'. Did you mean: '_calculate_local_density'?

2025-08-12 22:22:09,098 - INFO - Completed Highway_100_Cooperative with 0 successful runs
2025-08-12 22:22:09,098 - INFO - Processing configuration 3/3: Highway_50_50_Mix
2025-08-12 22:22:09,098 - INFO - Generating final results and visualizations
2025-08-12 22:22:09,106 - INFO - Results saved to results/results.csv
2025-08-12 22:22:09,107 - INFO - Plots saved to plots
2025-08-12 22:22:09,107 - INFO - Simulation study completed successfully
