2025-08-12 21:40:17,846 - INFO - Starting Decentralized Highway Traffic Simulation
2025-08-12 21:40:17,849 - INFO - Configuration loaded from config.yaml
2025-08-12 21:40:17,849 - INFO - Processing configuration 1/6: Highway_100_Selfish
2025-08-12 21:40:17,849 - INFO - Running Highway_100_Selfish with 100% Selfish, 0% Cooperative - 5 runs
2025-08-12 21:40:17,849 - INFO - Starting run 1/5
2025-08-12 21:40:17,863 - INFO - Using 51 existing vehicles as agents
2025-08-12 21:40:17,870 - INFO - Starting simulation with 51 agents for 1000 steps
2025-08-12 21:40:18,052 - INFO - Step 0/1000 completed
2025-08-12 21:40:23,683 - INFO - Simulation ended early at step 33
2025-08-12 21:40:23,683 - INFO - Simulation completed successfully
2025-08-12 21:40:23,683 - INFO - Run 1 completed - Avg Speed: 20.82, Collisions: 0
2025-08-12 21:40:23,683 - INFO - Starting run 2/5
2025-08-12 21:40:23,696 - INFO - Using 51 existing vehicles as agents
2025-08-12 21:40:23,703 - INFO - Starting simulation with 51 agents for 1000 steps
2025-08-12 21:40:23,878 - INFO - Step 0/1000 completed
2025-08-12 21:40:28,009 - INFO - Simulation ended early at step 24
2025-08-12 21:40:28,009 - INFO - Simulation completed successfully
2025-08-12 21:40:28,009 - INFO - Run 2 completed - Avg Speed: 20.90, Collisions: 0
2025-08-12 21:40:28,009 - INFO - Starting run 3/5
2025-08-12 21:40:28,023 - INFO - Using 51 existing vehicles as agents
2025-08-12 21:40:28,029 - INFO - Starting simulation with 51 agents for 1000 steps
2025-08-12 21:40:28,211 - INFO - Step 0/1000 completed
2025-08-12 21:40:30,290 - INFO - Simulation ended early at step 12
2025-08-12 21:40:30,290 - INFO - Simulation completed successfully
2025-08-12 21:40:30,290 - INFO - Run 3 completed - Avg Speed: 20.64, Collisions: 0
2025-08-12 21:40:30,290 - INFO - Starting run 4/5
2025-08-12 21:40:30,303 - INFO - Using 51 existing vehicles as agents
2025-08-12 21:40:30,309 - INFO - Starting simulation with 51 agents for 1000 steps
2025-08-12 21:40:30,482 - INFO - Step 0/1000 completed
2025-08-12 21:40:34,795 - INFO - Simulation ended early at step 25
2025-08-12 21:40:34,795 - INFO - Simulation completed successfully
2025-08-12 21:40:34,795 - INFO - Run 4 completed - Avg Speed: 20.59, Collisions: 0
2025-08-12 21:40:34,795 - INFO - Starting run 5/5
2025-08-12 21:40:34,808 - INFO - Using 51 existing vehicles as agents
2025-08-12 21:40:34,814 - INFO - Starting simulation with 51 agents for 1000 steps
2025-08-12 21:40:34,994 - INFO - Step 0/1000 completed
2025-08-12 21:40:37,224 - INFO - Simulation ended early at step 13
2025-08-12 21:40:37,224 - INFO - Simulation completed successfully
2025-08-12 21:40:37,224 - INFO - Run 5 completed - Avg Speed: 20.46, Collisions: 0
2025-08-12 21:40:37,224 - INFO - Completed Highway_100_Selfish with 5 successful runs
2025-08-12 21:40:37,224 - INFO - Processing configuration 2/6: Highway_100_Cooperative
2025-08-12 21:40:37,224 - INFO - Running Highway_100_Cooperative with 0% Selfish, 100% Cooperative - 5 runs
2025-08-12 21:40:37,224 - INFO - Starting run 1/5
2025-08-12 21:40:37,237 - INFO - Using 51 existing vehicles as agents
2025-08-12 21:40:37,243 - INFO - Starting simulation with 51 agents for 1000 steps
2025-08-12 21:40:37,417 - INFO - Step 0/1000 completed
2025-08-12 21:40:41,071 - INFO - Simulation ended early at step 21
2025-08-12 21:40:41,071 - INFO - Simulation completed successfully
2025-08-12 21:40:41,071 - INFO - Run 1 completed - Avg Speed: 20.58, Collisions: 0
2025-08-12 21:40:41,071 - INFO - Starting run 2/5
2025-08-12 21:40:41,084 - INFO - Using 51 existing vehicles as agents
2025-08-12 21:40:41,091 - INFO - Starting simulation with 51 agents for 1000 steps
2025-08-12 21:40:41,272 - INFO - Step 0/1000 completed
2025-08-12 21:40:45,398 - INFO - Simulation ended early at step 24
2025-08-12 21:40:45,398 - INFO - Simulation completed successfully
2025-08-12 21:40:45,398 - INFO - Run 2 completed - Avg Speed: 20.86, Collisions: 0
2025-08-12 21:40:45,398 - INFO - Starting run 3/5
2025-08-12 21:40:45,411 - INFO - Using 51 existing vehicles as agents
2025-08-12 21:40:45,418 - INFO - Starting simulation with 51 agents for 1000 steps
2025-08-12 21:40:45,594 - INFO - Step 0/1000 completed
2025-08-12 21:40:49,899 - INFO - Simulation ended early at step 25
2025-08-12 21:40:49,900 - INFO - Simulation completed successfully
2025-08-12 21:40:49,900 - INFO - Run 3 completed - Avg Speed: 20.69, Collisions: 0
2025-08-12 21:40:49,900 - INFO - Starting run 4/5
2025-08-12 21:40:49,913 - INFO - Using 51 existing vehicles as agents
2025-08-12 21:40:49,920 - INFO - Starting simulation with 51 agents for 1000 steps
2025-08-12 21:40:50,095 - INFO - Step 0/1000 completed
2025-08-12 21:40:52,846 - INFO - Simulation ended early at step 16
2025-08-12 21:40:52,846 - INFO - Simulation completed successfully
2025-08-12 21:40:52,847 - INFO - Run 4 completed - Avg Speed: 20.51, Collisions: 0
2025-08-12 21:40:52,847 - INFO - Starting run 5/5
2025-08-12 21:40:52,859 - INFO - Using 51 existing vehicles as agents
2025-08-12 21:40:52,866 - INFO - Starting simulation with 51 agents for 1000 steps
2025-08-12 21:40:53,054 - INFO - Step 0/1000 completed
2025-08-12 21:40:56,662 - INFO - Simulation ended early at step 21
2025-08-12 21:40:56,662 - INFO - Simulation completed successfully
2025-08-12 21:40:56,662 - INFO - Run 5 completed - Avg Speed: 20.69, Collisions: 0
2025-08-12 21:40:56,662 - INFO - Completed Highway_100_Cooperative with 5 successful runs
2025-08-12 21:40:56,662 - INFO - Processing configuration 3/6: Highway_50_50_Mix
2025-08-12 21:40:56,662 - INFO - Running Highway_50_50_Mix with 50% Selfish, 50% Cooperative - 5 runs
2025-08-12 21:40:56,662 - INFO - Starting run 1/5
2025-08-12 21:40:56,675 - INFO - Using 51 existing vehicles as agents
2025-08-12 21:40:56,682 - INFO - Starting simulation with 51 agents for 1000 steps
2025-08-12 21:40:56,858 - INFO - Step 0/1000 completed
2025-08-12 21:40:58,235 - INFO - Simulation ended early at step 8
2025-08-12 21:40:58,235 - INFO - Simulation completed successfully
2025-08-12 21:40:58,235 - INFO - Run 1 completed - Avg Speed: 20.23, Collisions: 0
2025-08-12 21:40:58,235 - INFO - Starting run 2/5
2025-08-12 21:40:58,248 - INFO - Using 51 existing vehicles as agents
2025-08-12 21:40:58,255 - INFO - Starting simulation with 51 agents for 1000 steps
2025-08-12 21:40:58,440 - INFO - Step 0/1000 completed
2025-08-12 21:41:01,388 - INFO - Simulation ended early at step 17
2025-08-12 21:41:01,388 - INFO - Simulation completed successfully
2025-08-12 21:41:01,388 - INFO - Run 2 completed - Avg Speed: 20.80, Collisions: 0
2025-08-12 21:41:01,388 - INFO - Starting run 3/5
2025-08-12 21:41:01,401 - INFO - Using 51 existing vehicles as agents
2025-08-12 21:41:01,408 - INFO - Starting simulation with 51 agents for 1000 steps
2025-08-12 21:41:01,588 - INFO - Step 0/1000 completed
2025-08-12 21:41:04,897 - INFO - Simulation ended early at step 19
2025-08-12 21:41:04,897 - INFO - Simulation completed successfully
2025-08-12 21:41:04,897 - INFO - Run 3 completed - Avg Speed: 20.66, Collisions: 0
2025-08-12 21:41:04,897 - INFO - Starting run 4/5
2025-08-12 21:41:04,910 - INFO - Using 51 existing vehicles as agents
2025-08-12 21:41:04,917 - INFO - Starting simulation with 51 agents for 1000 steps
2025-08-12 21:41:05,098 - INFO - Step 0/1000 completed
2025-08-12 21:41:09,229 - INFO - Simulation ended early at step 24
2025-08-12 21:41:09,230 - INFO - Simulation completed successfully
2025-08-12 21:41:09,230 - INFO - Run 4 completed - Avg Speed: 20.65, Collisions: 0
2025-08-12 21:41:09,230 - INFO - Starting run 5/5
2025-08-12 21:41:09,242 - INFO - Using 51 existing vehicles as agents
2025-08-12 21:41:09,249 - INFO - Starting simulation with 51 agents for 1000 steps
2025-08-12 21:41:09,425 - INFO - Step 0/1000 completed
2025-08-12 21:41:10,981 - INFO - Simulation ended early at step 9
2025-08-12 21:41:10,982 - INFO - Simulation completed successfully
2025-08-12 21:41:10,982 - INFO - Run 5 completed - Avg Speed: 20.57, Collisions: 0
2025-08-12 21:41:10,982 - INFO - Completed Highway_50_50_Mix with 5 successful runs
2025-08-12 21:41:10,982 - INFO - Processing configuration 4/6: Merge_100_Selfish
2025-08-12 21:41:10,982 - INFO - Running Merge_100_Selfish with 100% Selfish, 0% Cooperative - 5 runs
2025-08-12 21:41:10,982 - INFO - Starting run 1/5
2025-08-12 21:41:10,989 - INFO - Using 5 existing vehicles as agents
2025-08-12 21:41:10,992 - INFO - Starting simulation with 5 agents for 1000 steps
2025-08-12 21:41:11,002 - INFO - Step 0/1000 completed
2025-08-12 21:41:11,074 - INFO - Simulation ended early at step 7
2025-08-12 21:41:11,074 - INFO - Simulation completed successfully
2025-08-12 21:41:11,074 - INFO - Run 1 completed - Avg Speed: 21.19, Collisions: 0
2025-08-12 21:41:11,074 - INFO - Starting run 2/5
2025-08-12 21:41:11,080 - INFO - Using 5 existing vehicles as agents
2025-08-12 21:41:11,083 - INFO - Starting simulation with 5 agents for 1000 steps
2025-08-12 21:41:11,091 - INFO - Step 0/1000 completed
2025-08-12 21:41:11,117 - INFO - Simulation ended early at step 3
2025-08-12 21:41:11,117 - INFO - Simulation completed successfully
2025-08-12 21:41:11,117 - INFO - Run 2 completed - Avg Speed: 22.46, Collisions: 0
2025-08-12 21:41:11,117 - INFO - Starting run 3/5
2025-08-12 21:41:11,123 - INFO - Using 5 existing vehicles as agents
2025-08-12 21:41:11,126 - INFO - Starting simulation with 5 agents for 1000 steps
2025-08-12 21:41:11,134 - INFO - Step 0/1000 completed
2025-08-12 21:41:11,168 - INFO - Simulation ended early at step 4
2025-08-12 21:41:11,168 - INFO - Simulation completed successfully
2025-08-12 21:41:11,168 - INFO - Run 3 completed - Avg Speed: 22.74, Collisions: 0
2025-08-12 21:41:11,168 - INFO - Starting run 4/5
2025-08-12 21:41:11,174 - INFO - Using 5 existing vehicles as agents
2025-08-12 21:41:11,177 - INFO - Starting simulation with 5 agents for 1000 steps
2025-08-12 21:41:11,185 - INFO - Step 0/1000 completed
2025-08-12 21:41:11,250 - INFO - Simulation ended early at step 7
2025-08-12 21:41:11,250 - INFO - Simulation completed successfully
2025-08-12 21:41:11,250 - INFO - Run 4 completed - Avg Speed: 21.16, Collisions: 0
2025-08-12 21:41:11,250 - INFO - Starting run 5/5
2025-08-12 21:41:11,256 - INFO - Using 5 existing vehicles as agents
2025-08-12 21:41:11,259 - INFO - Starting simulation with 5 agents for 1000 steps
2025-08-12 21:41:11,267 - INFO - Step 0/1000 completed
2025-08-12 21:41:11,333 - INFO - Simulation ended early at step 7
2025-08-12 21:41:11,333 - INFO - Simulation completed successfully
2025-08-12 21:41:11,333 - INFO - Run 5 completed - Avg Speed: 21.18, Collisions: 0
2025-08-12 21:41:11,333 - INFO - Completed Merge_100_Selfish with 5 successful runs
2025-08-12 21:41:11,333 - INFO - Processing configuration 5/6: Merge_100_Cooperative
2025-08-12 21:41:11,333 - INFO - Running Merge_100_Cooperative with 0% Selfish, 100% Cooperative - 5 runs
2025-08-12 21:41:11,333 - INFO - Starting run 1/5
2025-08-12 21:41:11,339 - INFO - Using 5 existing vehicles as agents
2025-08-12 21:41:11,342 - INFO - Starting simulation with 5 agents for 1000 steps
2025-08-12 21:41:11,350 - INFO - Step 0/1000 completed
2025-08-12 21:41:11,385 - INFO - Simulation ended early at step 4
2025-08-12 21:41:11,386 - INFO - Simulation completed successfully
2025-08-12 21:41:11,386 - INFO - Run 1 completed - Avg Speed: 21.39, Collisions: 0
2025-08-12 21:41:11,386 - INFO - Starting run 2/5
2025-08-12 21:41:11,391 - INFO - Using 5 existing vehicles as agents
2025-08-12 21:41:11,394 - INFO - Starting simulation with 5 agents for 1000 steps
2025-08-12 21:41:11,403 - INFO - Step 0/1000 completed
2025-08-12 21:41:11,446 - INFO - Simulation ended early at step 5
2025-08-12 21:41:11,446 - INFO - Simulation completed successfully
2025-08-12 21:41:11,446 - INFO - Run 2 completed - Avg Speed: 21.98, Collisions: 0
2025-08-12 21:41:11,446 - INFO - Starting run 3/5
2025-08-12 21:41:11,452 - INFO - Using 5 existing vehicles as agents
2025-08-12 21:41:11,455 - INFO - Starting simulation with 5 agents for 1000 steps
2025-08-12 21:41:11,464 - INFO - Step 0/1000 completed
2025-08-12 21:41:11,527 - INFO - Simulation ended early at step 7
2025-08-12 21:41:11,527 - INFO - Simulation completed successfully
2025-08-12 21:41:11,527 - INFO - Run 3 completed - Avg Speed: 21.13, Collisions: 0
2025-08-12 21:41:11,527 - INFO - Starting run 4/5
2025-08-12 21:41:11,533 - INFO - Using 5 existing vehicles as agents
2025-08-12 21:41:11,536 - INFO - Starting simulation with 5 agents for 1000 steps
2025-08-12 21:41:11,544 - INFO - Step 0/1000 completed
2025-08-12 21:41:11,597 - INFO - Simulation ended early at step 6
2025-08-12 21:41:11,597 - INFO - Simulation completed successfully
2025-08-12 21:41:11,597 - INFO - Run 4 completed - Avg Speed: 21.98, Collisions: 0
2025-08-12 21:41:11,597 - INFO - Starting run 5/5
2025-08-12 21:41:11,603 - INFO - Using 5 existing vehicles as agents
2025-08-12 21:41:11,606 - INFO - Starting simulation with 5 agents for 1000 steps
2025-08-12 21:41:11,614 - INFO - Step 0/1000 completed
2025-08-12 21:41:11,648 - INFO - Simulation ended early at step 4
2025-08-12 21:41:11,648 - INFO - Simulation completed successfully
2025-08-12 21:41:11,648 - INFO - Run 5 completed - Avg Speed: 22.54, Collisions: 0
2025-08-12 21:41:11,649 - INFO - Completed Merge_100_Cooperative with 5 successful runs
2025-08-12 21:41:11,649 - INFO - Processing configuration 6/6: Merge_50_50_Mix
2025-08-12 21:41:11,649 - INFO - Running Merge_50_50_Mix with 50% Selfish, 50% Cooperative - 5 runs
2025-08-12 21:41:11,649 - INFO - Starting run 1/5
2025-08-12 21:41:11,654 - INFO - Using 5 existing vehicles as agents
2025-08-12 21:41:11,657 - INFO - Starting simulation with 5 agents for 1000 steps
2025-08-12 21:41:11,666 - INFO - Step 0/1000 completed
2025-08-12 21:41:11,729 - INFO - Simulation ended early at step 7
2025-08-12 21:41:11,729 - INFO - Simulation completed successfully
2025-08-12 21:41:11,730 - INFO - Run 1 completed - Avg Speed: 21.17, Collisions: 0
2025-08-12 21:41:11,730 - INFO - Starting run 2/5
2025-08-12 21:41:11,736 - INFO - Using 5 existing vehicles as agents
2025-08-12 21:41:11,739 - INFO - Starting simulation with 5 agents for 1000 steps
2025-08-12 21:41:11,747 - INFO - Step 0/1000 completed
2025-08-12 21:41:11,782 - INFO - Simulation ended early at step 4
2025-08-12 21:41:11,782 - INFO - Simulation completed successfully
2025-08-12 21:41:11,782 - INFO - Run 2 completed - Avg Speed: 22.29, Collisions: 0
2025-08-12 21:41:11,782 - INFO - Starting run 3/5
2025-08-12 21:41:11,789 - INFO - Using 5 existing vehicles as agents
2025-08-12 21:41:11,792 - INFO - Starting simulation with 5 agents for 1000 steps
2025-08-12 21:41:11,801 - INFO - Step 0/1000 completed
2025-08-12 21:41:11,836 - INFO - Simulation ended early at step 4
2025-08-12 21:41:11,836 - INFO - Simulation completed successfully
2025-08-12 21:41:11,836 - INFO - Run 3 completed - Avg Speed: 22.61, Collisions: 0
2025-08-12 21:41:11,836 - INFO - Starting run 4/5
2025-08-12 21:41:11,842 - INFO - Using 5 existing vehicles as agents
2025-08-12 21:41:11,845 - INFO - Starting simulation with 5 agents for 1000 steps
2025-08-12 21:41:11,854 - INFO - Step 0/1000 completed
2025-08-12 21:41:11,917 - INFO - Simulation ended early at step 7
2025-08-12 21:41:11,917 - INFO - Simulation completed successfully
2025-08-12 21:41:11,917 - INFO - Run 4 completed - Avg Speed: 21.12, Collisions: 0
2025-08-12 21:41:11,917 - INFO - Starting run 5/5
2025-08-12 21:41:11,923 - INFO - Using 5 existing vehicles as agents
2025-08-12 21:41:11,926 - INFO - Starting simulation with 5 agents for 1000 steps
2025-08-12 21:41:11,934 - INFO - Step 0/1000 completed
2025-08-12 21:41:11,960 - INFO - Simulation ended early at step 3
2025-08-12 21:41:11,960 - INFO - Simulation completed successfully
2025-08-12 21:41:11,960 - INFO - Run 5 completed - Avg Speed: 22.17, Collisions: 0
2025-08-12 21:41:11,960 - INFO - Completed Merge_50_50_Mix with 5 successful runs
2025-08-12 21:41:11,960 - INFO - Generating final results and visualizations
2025-08-12 21:41:11,968 - INFO - Results saved to results/results.csv
2025-08-12 21:41:14,573 - INFO - Plots saved to plots
2025-08-12 21:41:14,573 - INFO -   - plots/highway_average_speed.png
2025-08-12 21:41:14,573 - INFO -   - plots/highway_collisions.png
2025-08-12 21:41:14,573 - INFO -   - plots/highway_acceleration_stability.png
2025-08-12 21:41:14,573 - INFO -   - plots/merge_average_speed.png
2025-08-12 21:41:14,573 - INFO -   - plots/merge_collisions.png
2025-08-12 21:41:14,573 - INFO -   - plots/merge_acceleration_stability.png
2025-08-12 21:41:14,573 - INFO -   - plots/merge_merge_success_rate.png
2025-08-12 21:41:14,573 - INFO -   - plots/combined_efficiency_comparison.png
2025-08-12 21:41:14,573 - INFO -   - plots/combined_safety_comparison.png
2025-08-12 21:41:14,578 - INFO - Simulation study completed successfully
