2025-08-12 21:36:25,612 - INFO - Starting Decentralized Highway Traffic Simulation
2025-08-12 21:36:25,614 - INFO - Configuration loaded from test_config.yaml
2025-08-12 21:36:25,615 - INFO - Processing configuration 1/3: Highway_100_Selfish
2025-08-12 21:36:25,615 - INFO - Running Highway_100_Selfish with 100% Selfish, 0% Cooperative - 1 runs
2025-08-12 21:36:25,615 - INFO - Starting run 1/1
2025-08-12 21:36:25,626 - INFO - Using 11 existing vehicles as agents
2025-08-12 21:36:25,629 - INFO - Starting simulation with 11 agents for 100 steps
2025-08-12 21:36:25,644 - INFO - Step 0/100 completed
2025-08-12 21:36:25,838 - INFO - Simulation ended early at step 12
2025-08-12 21:36:25,838 - INFO - Simulation completed successfully
2025-08-12 21:36:25,838 - INFO - Run 1 completed - Avg Speed: 21.40, Collisions: 0
2025-08-12 21:36:25,838 - INFO - Completed Highway_100_Selfish with 1 successful runs
2025-08-12 21:36:25,838 - INFO - Processing configuration 2/3: Highway_100_Cooperative
2025-08-12 21:36:25,838 - INFO - Processing configuration 3/3: Highway_50_50_Mix
2025-08-12 21:36:25,838 - INFO - Generating final results and visualizations
2025-08-12 21:36:25,848 - INFO - Results saved to test_results/test_results.csv
2025-08-12 21:36:27,511 - INFO - Plots saved to test_plots
2025-08-12 21:36:27,511 - INFO -   - test_plots/highway_average_speed.png
2025-08-12 21:36:27,511 - INFO -   - test_plots/highway_collisions.png
2025-08-12 21:36:27,511 - INFO -   - test_plots/highway_acceleration_stability.png
2025-08-12 21:36:27,511 - INFO -   - test_plots/combined_efficiency_comparison.png
2025-08-12 21:36:27,511 - INFO -   - test_plots/combined_safety_comparison.png
2025-08-12 21:36:27,515 - INFO - Simulation study completed successfully
