2025-08-12 22:52:12,494 - INFO - Starting Decentralized Highway Traffic Simulation
2025-08-12 22:52:12,497 - INFO - Configuration loaded from config.yaml
2025-08-12 22:52:12,497 - INFO - Processing configuration 1/3: Highway_100_Selfish
2025-08-12 22:52:12,497 - INFO - Processing configuration 2/3: Highway_100_Cooperative
2025-08-12 22:52:12,497 - INFO - Running Highway_100_Cooperative with 0% Selfish, 100% Cooperative - 5 runs
2025-08-12 22:52:12,497 - INFO - Starting run 1/5
2025-08-12 22:52:13,189 - INFO - Created CooperativePolicy for ego vehicle
2025-08-12 22:52:13,203 - INFO - Starting simulation with CooperativePolicy for 1000 steps
2025-08-12 22:52:13,457 - INFO - Step 0/1000 completed
2025-08-12 22:52:23,149 - INFO - Simulation ended early at step 39
2025-08-12 22:52:23,149 - INFO - Simulation completed successfully
2025-08-12 22:52:23,149 - INFO - Run 1 completed - Avg Speed: 20.03, Collisions: 0
2025-08-12 22:52:23,265 - INFO - Starting run 2/5
2025-08-12 22:52:23,328 - INFO - Created CooperativePolicy for ego vehicle
2025-08-12 22:52:23,339 - INFO - Starting simulation with CooperativePolicy for 1000 steps
2025-08-12 22:52:23,597 - INFO - Step 0/1000 completed
2025-08-12 22:52:33,340 - INFO - Simulation ended early at step 39
2025-08-12 22:52:33,340 - INFO - Simulation completed successfully
2025-08-12 22:52:33,341 - INFO - Run 2 completed - Avg Speed: 20.03, Collisions: 0
2025-08-12 22:52:33,444 - INFO - Starting run 3/5
2025-08-12 22:52:33,523 - INFO - Created CooperativePolicy for ego vehicle
2025-08-12 22:52:33,534 - INFO - Starting simulation with CooperativePolicy for 1000 steps
2025-08-12 22:52:33,790 - INFO - Step 0/1000 completed
2025-08-12 22:52:43,554 - INFO - Simulation ended early at step 39
2025-08-12 22:52:43,554 - INFO - Simulation completed successfully
2025-08-12 22:52:43,554 - INFO - Run 3 completed - Avg Speed: 20.03, Collisions: 0
2025-08-12 22:52:43,657 - INFO - Starting run 4/5
2025-08-12 22:52:43,730 - INFO - Created CooperativePolicy for ego vehicle
2025-08-12 22:52:43,744 - INFO - Starting simulation with CooperativePolicy for 1000 steps
2025-08-12 22:52:43,999 - INFO - Step 0/1000 completed
2025-08-12 22:52:53,657 - INFO - Simulation ended early at step 39
2025-08-12 22:52:53,657 - INFO - Simulation completed successfully
2025-08-12 22:52:53,657 - INFO - Run 4 completed - Avg Speed: 20.03, Collisions: 0
2025-08-12 22:52:53,757 - INFO - Starting run 5/5
2025-08-12 22:52:53,826 - INFO - Created CooperativePolicy for ego vehicle
2025-08-12 22:52:53,839 - INFO - Starting simulation with CooperativePolicy for 1000 steps
2025-08-12 22:52:54,108 - INFO - Step 0/1000 completed
2025-08-12 22:53:03,579 - INFO - Simulation ended early at step 39
2025-08-12 22:53:03,579 - INFO - Simulation completed successfully
2025-08-12 22:53:03,579 - INFO - Run 5 completed - Avg Speed: 20.03, Collisions: 0
2025-08-12 22:53:03,677 - INFO - Completed Highway_100_Cooperative with 5 successful runs
2025-08-12 22:53:03,677 - INFO - Processing configuration 3/3: Highway_50_50_Mix
2025-08-12 22:53:03,678 - INFO - Generating final results and visualizations
2025-08-12 22:53:03,699 - INFO - Results saved to results/results.csv
2025-08-12 22:53:05,303 - INFO - Plots saved to plots
2025-08-12 22:53:05,303 - INFO -   - plots/highway_average_speed.png
2025-08-12 22:53:05,303 - INFO -   - plots/highway_collisions.png
2025-08-12 22:53:05,303 - INFO -   - plots/highway_acceleration_stability.png
2025-08-12 22:53:05,303 - INFO -   - plots/combined_efficiency_comparison.png
2025-08-12 22:53:05,303 - INFO -   - plots/combined_safety_comparison.png
2025-08-12 22:53:05,307 - INFO - Simulation study completed successfully
