2025-08-12 22:26:43,397 - INFO - Starting Decentralized Highway Traffic Simulation
2025-08-12 22:26:43,400 - INFO - Configuration loaded from config.yaml
2025-08-12 22:26:43,400 - INFO - Processing configuration 1/3: Merge_100_Selfish
2025-08-12 22:26:43,400 - INFO - Processing configuration 2/3: Merge_100_Cooperative
2025-08-12 22:26:43,400 - INFO - Processing configuration 3/3: Merge_50_50_Mix
2025-08-12 22:26:43,400 - INFO - Running Merge_50_50_Mix with 50% Selfish, 50% Cooperative - 5 runs
2025-08-12 22:26:43,400 - INFO - Starting run 1/5
2025-08-12 22:26:44,099 - INFO - Created CooperativeAgent to control ego vehicle
2025-08-12 22:26:44,106 - INFO - Starting simulation with 1 agents for 1000 steps
2025-08-12 22:26:44,250 - INFO - Step 0/1000 completed
2025-08-12 22:26:44,602 - INFO - Simulation ended early at step 3
2025-08-12 22:26:44,602 - INFO - Simulation completed successfully
2025-08-12 22:26:44,602 - INFO - Run 1 completed - Avg Speed: 22.55, Collisions: 2
2025-08-12 22:26:44,714 - INFO - Starting run 2/5
2025-08-12 22:26:44,788 - INFO - Created CooperativeAgent to control ego vehicle
2025-08-12 22:26:44,795 - INFO - Starting simulation with 1 agents for 1000 steps
2025-08-12 22:26:44,961 - INFO - Step 0/1000 completed
2025-08-12 22:26:45,569 - INFO - Simulation ended early at step 6
2025-08-12 22:26:45,570 - INFO - Simulation completed successfully
2025-08-12 22:26:45,570 - INFO - Run 2 completed - Avg Speed: 22.33, Collisions: 2
2025-08-12 22:26:45,676 - INFO - Starting run 3/5
2025-08-12 22:26:45,731 - INFO - Created CooperativeAgent to control ego vehicle
2025-08-12 22:26:45,737 - INFO - Starting simulation with 1 agents for 1000 steps
2025-08-12 22:26:45,857 - INFO - Step 0/1000 completed
2025-08-12 22:26:46,109 - INFO - Simulation ended early at step 3
2025-08-12 22:26:46,109 - INFO - Simulation completed successfully
2025-08-12 22:26:46,109 - INFO - Run 3 completed - Avg Speed: 22.78, Collisions: 2
2025-08-12 22:26:46,210 - INFO - Starting run 4/5
2025-08-12 22:26:46,278 - INFO - Created CooperativeAgent to control ego vehicle
2025-08-12 22:26:46,285 - INFO - Starting simulation with 1 agents for 1000 steps
2025-08-12 22:26:46,460 - INFO - Step 0/1000 completed
2025-08-12 22:26:46,971 - INFO - Simulation ended early at step 6
2025-08-12 22:26:46,972 - INFO - Simulation completed successfully
2025-08-12 22:26:46,972 - INFO - Run 4 completed - Avg Speed: 22.40, Collisions: 2
2025-08-12 22:26:47,073 - INFO - Starting run 5/5
2025-08-12 22:26:47,144 - INFO - Created CooperativeAgent to control ego vehicle
2025-08-12 22:26:47,151 - INFO - Starting simulation with 1 agents for 1000 steps
2025-08-12 22:26:47,258 - INFO - Step 0/1000 completed
2025-08-12 22:26:47,755 - INFO - Simulation ended early at step 6
2025-08-12 22:26:47,755 - INFO - Simulation completed successfully
2025-08-12 22:26:47,755 - INFO - Run 5 completed - Avg Speed: 22.08, Collisions: 2
2025-08-12 22:26:47,865 - INFO - Completed Merge_50_50_Mix with 5 successful runs
2025-08-12 22:26:47,866 - INFO - Generating final results and visualizations
2025-08-12 22:26:47,891 - INFO - Results saved to results/results.csv
2025-08-12 22:26:49,776 - INFO - Plots saved to plots
2025-08-12 22:26:49,777 - INFO -   - plots/merge_average_speed.png
2025-08-12 22:26:49,777 - INFO -   - plots/merge_collisions.png
2025-08-12 22:26:49,777 - INFO -   - plots/merge_acceleration_stability.png
2025-08-12 22:26:49,777 - INFO -   - plots/merge_merge_success_rate.png
2025-08-12 22:26:49,777 - INFO -   - plots/combined_efficiency_comparison.png
2025-08-12 22:26:49,777 - INFO -   - plots/combined_safety_comparison.png
2025-08-12 22:26:49,781 - INFO - Simulation study completed successfully
