2025-08-12 22:53:59,722 - INFO - Starting Decentralized Highway Traffic Simulation
2025-08-12 22:53:59,725 - INFO - Configuration loaded from config.yaml
2025-08-12 22:53:59,725 - INFO - Processing configuration 1/3: Merge_100_Selfish
2025-08-12 22:53:59,725 - INFO - Processing configuration 2/3: Merge_100_Cooperative
2025-08-12 22:53:59,725 - INFO - Processing configuration 3/3: Merge_50_50_Mix
2025-08-12 22:53:59,725 - INFO - Running Merge_50_50_Mix with 50% Selfish, 50% Cooperative - 5 runs
2025-08-12 22:53:59,725 - INFO - Starting run 1/5
2025-08-12 22:54:00,392 - INFO - Created CooperativePolicy for ego vehicle
2025-08-12 22:54:00,400 - INFO - Starting simulation with CooperativePolicy for 1000 steps
2025-08-12 22:54:00,521 - INFO - Step 0/1000 completed
2025-08-12 22:54:01,936 - INFO - Simulation ended early at step 16
2025-08-12 22:54:01,936 - INFO - Simulation completed successfully
2025-08-12 22:54:01,936 - INFO - Run 1 completed - Avg Speed: 20.42, Collisions: 0
2025-08-12 22:54:02,047 - INFO - Starting run 2/5
2025-08-12 22:54:02,122 - INFO - Created CooperativePolicy for ego vehicle
2025-08-12 22:54:02,129 - INFO - Starting simulation with CooperativePolicy for 1000 steps
2025-08-12 22:54:02,234 - INFO - Step 0/1000 completed
2025-08-12 22:54:03,251 - INFO - Simulation ended early at step 12
2025-08-12 22:54:03,251 - INFO - Simulation completed successfully
2025-08-12 22:54:03,251 - INFO - Run 2 completed - Avg Speed: 20.59, Collisions: 2
2025-08-12 22:54:03,358 - INFO - Starting run 3/5
2025-08-12 22:54:03,426 - INFO - Created CooperativePolicy for ego vehicle
2025-08-12 22:54:03,435 - INFO - Starting simulation with CooperativePolicy for 1000 steps
2025-08-12 22:54:03,548 - INFO - Step 0/1000 completed
2025-08-12 22:54:04,907 - INFO - Simulation ended early at step 16
2025-08-12 22:54:04,907 - INFO - Simulation completed successfully
2025-08-12 22:54:04,907 - INFO - Run 3 completed - Avg Speed: 20.42, Collisions: 0
2025-08-12 22:54:05,008 - INFO - Starting run 4/5
2025-08-12 22:54:05,066 - INFO - Created CooperativePolicy for ego vehicle
2025-08-12 22:54:05,072 - INFO - Starting simulation with CooperativePolicy for 1000 steps
2025-08-12 22:54:05,196 - INFO - Step 0/1000 completed
2025-08-12 22:54:06,560 - INFO - Simulation ended early at step 16
2025-08-12 22:54:06,560 - INFO - Simulation completed successfully
2025-08-12 22:54:06,560 - INFO - Run 4 completed - Avg Speed: 20.42, Collisions: 0
2025-08-12 22:54:06,664 - INFO - Starting run 5/5
2025-08-12 22:54:06,738 - INFO - Created CooperativePolicy for ego vehicle
2025-08-12 22:54:06,745 - INFO - Starting simulation with CooperativePolicy for 1000 steps
2025-08-12 22:54:06,854 - INFO - Step 0/1000 completed
2025-08-12 22:54:08,202 - INFO - Simulation ended early at step 16
2025-08-12 22:54:08,202 - INFO - Simulation completed successfully
2025-08-12 22:54:08,202 - INFO - Run 5 completed - Avg Speed: 20.42, Collisions: 0
2025-08-12 22:54:08,307 - INFO - Completed Merge_50_50_Mix with 5 successful runs
2025-08-12 22:54:08,308 - INFO - Generating final results and visualizations
2025-08-12 22:54:08,335 - INFO - Results saved to results/results.csv
2025-08-12 22:54:10,207 - INFO - Plots saved to plots
2025-08-12 22:54:10,207 - INFO -   - plots/merge_average_speed.png
2025-08-12 22:54:10,207 - INFO -   - plots/merge_collisions.png
2025-08-12 22:54:10,207 - INFO -   - plots/merge_acceleration_stability.png
2025-08-12 22:54:10,207 - INFO -   - plots/merge_merge_success_rate.png
2025-08-12 22:54:10,207 - INFO -   - plots/combined_efficiency_comparison.png
2025-08-12 22:54:10,207 - INFO -   - plots/combined_safety_comparison.png
2025-08-12 22:54:10,212 - INFO - Simulation study completed successfully
