2025-08-12 21:36:37,633 - INFO - Starting Decentralized Highway Traffic Simulation
2025-08-12 21:36:37,635 - INFO - Configuration loaded from config.yaml
2025-08-12 21:36:37,635 - INFO - Processing configuration 1/6: Highway_100_Selfish
2025-08-12 21:36:37,635 - INFO - Running Highway_100_Selfish with 100% Selfish, 0% Cooperative - 5 runs
2025-08-12 21:36:37,635 - INFO - Starting run 1/5
2025-08-12 21:36:37,651 - INFO - Using 51 existing vehicles as agents
2025-08-12 21:36:37,658 - INFO - Starting simulation with 51 agents for 1000 steps
2025-08-12 21:36:37,837 - INFO - Step 0/1000 completed
2025-08-12 21:36:40,770 - INFO - Simulation ended early at step 17
2025-08-12 21:36:40,770 - INFO - Simulation completed successfully
2025-08-12 21:36:40,770 - INFO - Run 1 completed - Avg Speed: 20.89, Collisions: 0
2025-08-12 21:36:40,770 - INFO - Starting run 2/5
2025-08-12 21:36:40,783 - INFO - Using 51 existing vehicles as agents
2025-08-12 21:36:40,789 - INFO - Starting simulation with 51 agents for 1000 steps
2025-08-12 21:36:40,963 - INFO - Step 0/1000 completed
2025-08-12 21:36:44,737 - INFO - Simulation ended early at step 22
2025-08-12 21:36:44,737 - INFO - Simulation completed successfully
2025-08-12 21:36:44,737 - INFO - Run 2 completed - Avg Speed: 20.07, Collisions: 0
2025-08-12 21:36:44,737 - INFO - Starting run 3/5
2025-08-12 21:36:44,750 - INFO - Using 51 existing vehicles as agents
2025-08-12 21:36:44,756 - INFO - Starting simulation with 51 agents for 1000 steps
2025-08-12 21:36:44,933 - INFO - Step 0/1000 completed
2025-08-12 21:36:49,757 - INFO - Simulation ended early at step 28
2025-08-12 21:36:49,757 - INFO - Simulation completed successfully
2025-08-12 21:36:49,757 - INFO - Run 3 completed - Avg Speed: 20.52, Collisions: 0
2025-08-12 21:36:49,757 - INFO - Starting run 4/5
2025-08-12 21:36:49,770 - INFO - Using 51 existing vehicles as agents
2025-08-12 21:36:49,776 - INFO - Starting simulation with 51 agents for 1000 steps
2025-08-12 21:36:49,956 - INFO - Step 0/1000 completed
2025-08-12 21:36:55,784 - INFO - Simulation ended early at step 34
2025-08-12 21:36:55,784 - INFO - Simulation completed successfully
2025-08-12 21:36:55,785 - INFO - Run 4 completed - Avg Speed: 21.03, Collisions: 0
2025-08-12 21:36:55,785 - INFO - Starting run 5/5
2025-08-12 21:36:55,797 - INFO - Using 51 existing vehicles as agents
2025-08-12 21:36:55,804 - INFO - Starting simulation with 51 agents for 1000 steps
2025-08-12 21:36:55,974 - INFO - Step 0/1000 completed
2025-08-12 21:37:02,681 - INFO - Simulation ended early at step 39
2025-08-12 21:37:02,681 - INFO - Simulation completed successfully
2025-08-12 21:37:02,681 - INFO - Run 5 completed - Avg Speed: 20.95, Collisions: 0
2025-08-12 21:37:02,681 - INFO - Completed Highway_100_Selfish with 5 successful runs
2025-08-12 21:37:02,681 - INFO - Processing configuration 2/6: Highway_100_Cooperative
2025-08-12 21:37:02,681 - INFO - Running Highway_100_Cooperative with 0% Selfish, 100% Cooperative - 5 runs
2025-08-12 21:37:02,681 - INFO - Starting run 1/5
2025-08-12 21:37:02,694 - INFO - Using 51 existing vehicles as agents
2025-08-12 21:37:02,700 - INFO - Starting simulation with 51 agents for 1000 steps
2025-08-12 21:37:02,878 - INFO - Step 0/1000 completed
2025-08-12 21:37:07,404 - INFO - Simulation ended early at step 26
2025-08-12 21:37:07,404 - INFO - Simulation completed successfully
2025-08-12 21:37:07,404 - INFO - Run 1 completed - Avg Speed: 20.61, Collisions: 0
2025-08-12 21:37:07,404 - INFO - Starting run 2/5
2025-08-12 21:37:07,417 - INFO - Using 51 existing vehicles as agents
2025-08-12 21:37:07,423 - INFO - Starting simulation with 51 agents for 1000 steps
2025-08-12 21:37:07,602 - INFO - Step 0/1000 completed
2025-08-12 21:37:13,949 - INFO - Simulation ended early at step 37
2025-08-12 21:37:13,950 - INFO - Simulation completed successfully
2025-08-12 21:37:13,950 - INFO - Run 2 completed - Avg Speed: 21.03, Collisions: 0
2025-08-12 21:37:13,950 - INFO - Starting run 3/5
2025-08-12 21:37:13,962 - INFO - Using 51 existing vehicles as agents
2025-08-12 21:37:13,969 - INFO - Starting simulation with 51 agents for 1000 steps
2025-08-12 21:37:14,146 - INFO - Step 0/1000 completed
2025-08-12 21:37:20,349 - INFO - Simulation ended early at step 36
2025-08-12 21:37:20,349 - INFO - Simulation completed successfully
2025-08-12 21:37:20,349 - INFO - Run 3 completed - Avg Speed: 20.70, Collisions: 0
2025-08-12 21:37:20,349 - INFO - Starting run 4/5
2025-08-12 21:37:20,362 - INFO - Using 51 existing vehicles as agents
2025-08-12 21:37:20,368 - INFO - Starting simulation with 51 agents for 1000 steps
2025-08-12 21:37:20,547 - INFO - Step 0/1000 completed
2025-08-12 21:37:24,517 - INFO - Simulation ended early at step 23
2025-08-12 21:37:24,517 - INFO - Simulation completed successfully
2025-08-12 21:37:24,517 - INFO - Run 4 completed - Avg Speed: 20.59, Collisions: 0
2025-08-12 21:37:24,517 - INFO - Starting run 5/5
2025-08-12 21:37:24,530 - INFO - Using 51 existing vehicles as agents
2025-08-12 21:37:24,536 - INFO - Starting simulation with 51 agents for 1000 steps
2025-08-12 21:37:24,716 - INFO - Step 0/1000 completed
2025-08-12 21:37:30,068 - INFO - Simulation ended early at step 31
2025-08-12 21:37:30,068 - INFO - Simulation completed successfully
2025-08-12 21:37:30,068 - INFO - Run 5 completed - Avg Speed: 20.83, Collisions: 0
2025-08-12 21:37:30,068 - INFO - Completed Highway_100_Cooperative with 5 successful runs
2025-08-12 21:37:30,068 - INFO - Processing configuration 3/6: Highway_50_50_Mix
2025-08-12 21:37:30,068 - INFO - Running Highway_50_50_Mix with 50% Selfish, 50% Cooperative - 5 runs
2025-08-12 21:37:30,068 - INFO - Starting run 1/5
2025-08-12 21:37:30,081 - INFO - Using 51 existing vehicles as agents
2025-08-12 21:37:30,088 - INFO - Starting simulation with 51 agents for 1000 steps
2025-08-12 21:37:30,266 - INFO - Step 0/1000 completed
2025-08-12 21:37:33,733 - INFO - Simulation ended early at step 20
2025-08-12 21:37:33,733 - INFO - Simulation completed successfully
2025-08-12 21:37:33,733 - INFO - Run 1 completed - Avg Speed: 20.79, Collisions: 0
2025-08-12 21:37:33,733 - INFO - Starting run 2/5
2025-08-12 21:37:33,746 - INFO - Using 51 existing vehicles as agents
2025-08-12 21:37:33,753 - INFO - Starting simulation with 51 agents for 1000 steps
2025-08-12 21:37:33,932 - INFO - Step 0/1000 completed
2025-08-12 21:37:36,671 - INFO - Simulation ended early at step 16
2025-08-12 21:37:36,672 - INFO - Simulation completed successfully
2025-08-12 21:37:36,672 - INFO - Run 2 completed - Avg Speed: 20.76, Collisions: 0
2025-08-12 21:37:36,672 - INFO - Starting run 3/5
2025-08-12 21:37:36,684 - INFO - Using 51 existing vehicles as agents
2025-08-12 21:37:36,691 - INFO - Starting simulation with 51 agents for 1000 steps
2025-08-12 21:37:36,867 - INFO - Step 0/1000 completed
2025-08-12 21:37:37,726 - INFO - Simulation ended early at step 5
2025-08-12 21:37:37,726 - INFO - Simulation completed successfully
2025-08-12 21:37:37,726 - INFO - Run 3 completed - Avg Speed: 19.99, Collisions: 0
2025-08-12 21:37:37,726 - INFO - Starting run 4/5
2025-08-12 21:37:37,739 - INFO - Using 51 existing vehicles as agents
2025-08-12 21:37:37,746 - INFO - Starting simulation with 51 agents for 1000 steps
2025-08-12 21:37:37,923 - INFO - Step 0/1000 completed
2025-08-12 21:37:41,858 - INFO - Simulation ended early at step 23
2025-08-12 21:37:41,858 - INFO - Simulation completed successfully
2025-08-12 21:37:41,858 - INFO - Run 4 completed - Avg Speed: 20.85, Collisions: 0
2025-08-12 21:37:41,858 - INFO - Starting run 5/5
2025-08-12 21:37:41,871 - INFO - Using 51 existing vehicles as agents
2025-08-12 21:37:41,878 - INFO - Starting simulation with 51 agents for 1000 steps
2025-08-12 21:37:42,058 - INFO - Step 0/1000 completed
2025-08-12 21:37:42,747 - INFO - Simulation ended early at step 4
2025-08-12 21:37:42,747 - INFO - Simulation completed successfully
2025-08-12 21:37:42,747 - INFO - Run 5 completed - Avg Speed: 20.65, Collisions: 0
2025-08-12 21:37:42,747 - INFO - Completed Highway_50_50_Mix with 5 successful runs
2025-08-12 21:37:42,747 - INFO - Processing configuration 4/6: Merge_100_Selfish
2025-08-12 21:37:42,747 - INFO - Running Merge_100_Selfish with 100% Selfish, 0% Cooperative - 5 runs
2025-08-12 21:37:42,747 - INFO - Starting run 1/5
2025-08-12 21:37:42,753 - INFO - Using 5 existing vehicles as agents
2025-08-12 21:37:42,756 - INFO - Starting simulation with 5 agents for 1000 steps
2025-08-12 21:37:42,765 - INFO - Step 0/1000 completed
2025-08-12 21:37:42,828 - INFO - Simulation ended early at step 7
2025-08-12 21:37:42,828 - INFO - Simulation completed successfully
2025-08-12 21:37:42,828 - INFO - Run 1 completed - Avg Speed: 21.13, Collisions: 0
2025-08-12 21:37:42,828 - INFO - Starting run 2/5
2025-08-12 21:37:42,834 - INFO - Using 5 existing vehicles as agents
2025-08-12 21:37:42,837 - INFO - Starting simulation with 5 agents for 1000 steps
2025-08-12 21:37:42,845 - INFO - Step 0/1000 completed
2025-08-12 21:37:42,889 - INFO - Simulation ended early at step 5
2025-08-12 21:37:42,889 - INFO - Simulation completed successfully
2025-08-12 21:37:42,889 - INFO - Run 2 completed - Avg Speed: 22.07, Collisions: 0
2025-08-12 21:37:42,889 - INFO - Starting run 3/5
2025-08-12 21:37:42,895 - INFO - Using 5 existing vehicles as agents
2025-08-12 21:37:42,898 - INFO - Starting simulation with 5 agents for 1000 steps
2025-08-12 21:37:42,906 - INFO - Step 0/1000 completed
2025-08-12 21:37:42,932 - INFO - Simulation ended early at step 3
2025-08-12 21:37:42,932 - INFO - Simulation completed successfully
2025-08-12 21:37:42,932 - INFO - Run 3 completed - Avg Speed: 22.45, Collisions: 0
2025-08-12 21:37:42,932 - INFO - Starting run 4/5
2025-08-12 21:37:42,937 - INFO - Using 5 existing vehicles as agents
2025-08-12 21:37:42,940 - INFO - Starting simulation with 5 agents for 1000 steps
2025-08-12 21:37:42,949 - INFO - Step 0/1000 completed
2025-08-12 21:37:43,012 - INFO - Simulation ended early at step 7
2025-08-12 21:37:43,012 - INFO - Simulation completed successfully
2025-08-12 21:37:43,012 - INFO - Run 4 completed - Avg Speed: 21.04, Collisions: 0
2025-08-12 21:37:43,012 - INFO - Starting run 5/5
2025-08-12 21:37:43,018 - INFO - Using 5 existing vehicles as agents
2025-08-12 21:37:43,021 - INFO - Starting simulation with 5 agents for 1000 steps
2025-08-12 21:37:43,029 - INFO - Step 0/1000 completed
2025-08-12 21:37:43,092 - INFO - Simulation ended early at step 7
2025-08-12 21:37:43,092 - INFO - Simulation completed successfully
2025-08-12 21:37:43,092 - INFO - Run 5 completed - Avg Speed: 20.95, Collisions: 0
2025-08-12 21:37:43,092 - INFO - Completed Merge_100_Selfish with 5 successful runs
2025-08-12 21:37:43,092 - INFO - Processing configuration 5/6: Merge_100_Cooperative
2025-08-12 21:37:43,092 - INFO - Running Merge_100_Cooperative with 0% Selfish, 100% Cooperative - 5 runs
2025-08-12 21:37:43,092 - INFO - Starting run 1/5
2025-08-12 21:37:43,098 - INFO - Using 5 existing vehicles as agents
2025-08-12 21:37:43,101 - INFO - Starting simulation with 5 agents for 1000 steps
2025-08-12 21:37:43,109 - INFO - Step 0/1000 completed
2025-08-12 21:37:43,134 - INFO - Simulation ended early at step 3
2025-08-12 21:37:43,134 - INFO - Simulation completed successfully
2025-08-12 21:37:43,134 - INFO - Run 1 completed - Avg Speed: 22.63, Collisions: 0
2025-08-12 21:37:43,134 - INFO - Starting run 2/5
2025-08-12 21:37:43,140 - INFO - Using 5 existing vehicles as agents
2025-08-12 21:37:43,143 - INFO - Starting simulation with 5 agents for 1000 steps
2025-08-12 21:37:43,151 - INFO - Step 0/1000 completed
2025-08-12 21:37:43,176 - INFO - Simulation ended early at step 3
2025-08-12 21:37:43,177 - INFO - Simulation completed successfully
2025-08-12 21:37:43,177 - INFO - Run 2 completed - Avg Speed: 22.32, Collisions: 0
2025-08-12 21:37:43,177 - INFO - Starting run 3/5
2025-08-12 21:37:43,182 - INFO - Using 5 existing vehicles as agents
2025-08-12 21:37:43,185 - INFO - Starting simulation with 5 agents for 1000 steps
2025-08-12 21:37:43,193 - INFO - Step 0/1000 completed
2025-08-12 21:37:43,256 - INFO - Simulation ended early at step 7
2025-08-12 21:37:43,257 - INFO - Simulation completed successfully
2025-08-12 21:37:43,257 - INFO - Run 3 completed - Avg Speed: 21.06, Collisions: 0
2025-08-12 21:37:43,257 - INFO - Starting run 4/5
2025-08-12 21:37:43,262 - INFO - Using 5 existing vehicles as agents
2025-08-12 21:37:43,265 - INFO - Starting simulation with 5 agents for 1000 steps
2025-08-12 21:37:43,274 - INFO - Step 0/1000 completed
2025-08-12 21:37:43,327 - INFO - Simulation ended early at step 6
2025-08-12 21:37:43,327 - INFO - Simulation completed successfully
2025-08-12 21:37:43,327 - INFO - Run 4 completed - Avg Speed: 21.98, Collisions: 0
2025-08-12 21:37:43,327 - INFO - Starting run 5/5
2025-08-12 21:37:43,332 - INFO - Using 5 existing vehicles as agents
2025-08-12 21:37:43,335 - INFO - Starting simulation with 5 agents for 1000 steps
2025-08-12 21:37:43,344 - INFO - Step 0/1000 completed
2025-08-12 21:37:43,387 - INFO - Simulation ended early at step 5
2025-08-12 21:37:43,387 - INFO - Simulation completed successfully
2025-08-12 21:37:43,387 - INFO - Run 5 completed - Avg Speed: 21.87, Collisions: 0
2025-08-12 21:37:43,387 - INFO - Completed Merge_100_Cooperative with 5 successful runs
2025-08-12 21:37:43,387 - INFO - Processing configuration 6/6: Merge_50_50_Mix
2025-08-12 21:37:43,387 - INFO - Running Merge_50_50_Mix with 50% Selfish, 50% Cooperative - 5 runs
2025-08-12 21:37:43,387 - INFO - Starting run 1/5
2025-08-12 21:37:43,393 - INFO - Using 5 existing vehicles as agents
2025-08-12 21:37:43,396 - INFO - Starting simulation with 5 agents for 1000 steps
2025-08-12 21:37:43,404 - INFO - Step 0/1000 completed
2025-08-12 21:37:43,457 - INFO - Simulation ended early at step 6
2025-08-12 21:37:43,457 - INFO - Simulation completed successfully
2025-08-12 21:37:43,457 - INFO - Run 1 completed - Avg Speed: 22.39, Collisions: 0
2025-08-12 21:37:43,457 - INFO - Starting run 2/5
2025-08-12 21:37:43,463 - INFO - Using 5 existing vehicles as agents
2025-08-12 21:37:43,465 - INFO - Starting simulation with 5 agents for 1000 steps
2025-08-12 21:37:43,474 - INFO - Step 0/1000 completed
2025-08-12 21:37:43,536 - INFO - Simulation ended early at step 7
2025-08-12 21:37:43,536 - INFO - Simulation completed successfully
2025-08-12 21:37:43,536 - INFO - Run 2 completed - Avg Speed: 21.00, Collisions: 0
2025-08-12 21:37:43,536 - INFO - Starting run 3/5
2025-08-12 21:37:43,542 - INFO - Using 5 existing vehicles as agents
2025-08-12 21:37:43,544 - INFO - Starting simulation with 5 agents for 1000 steps
2025-08-12 21:37:43,553 - INFO - Step 0/1000 completed
2025-08-12 21:37:43,586 - INFO - Simulation ended early at step 4
2025-08-12 21:37:43,586 - INFO - Simulation completed successfully
2025-08-12 21:37:43,586 - INFO - Run 3 completed - Avg Speed: 22.91, Collisions: 0
2025-08-12 21:37:43,587 - INFO - Starting run 4/5
2025-08-12 21:37:43,592 - INFO - Using 5 existing vehicles as agents
2025-08-12 21:37:43,595 - INFO - Starting simulation with 5 agents for 1000 steps
2025-08-12 21:37:43,603 - INFO - Step 0/1000 completed
2025-08-12 21:37:43,654 - INFO - Simulation ended early at step 6
2025-08-12 21:37:43,655 - INFO - Simulation completed successfully
2025-08-12 21:37:43,655 - INFO - Run 4 completed - Avg Speed: 22.09, Collisions: 0
2025-08-12 21:37:43,655 - INFO - Starting run 5/5
2025-08-12 21:37:43,661 - INFO - Using 5 existing vehicles as agents
2025-08-12 21:37:43,663 - INFO - Starting simulation with 5 agents for 1000 steps
2025-08-12 21:37:43,672 - INFO - Step 0/1000 completed
2025-08-12 21:37:43,705 - INFO - Simulation ended early at step 4
2025-08-12 21:37:43,705 - INFO - Simulation completed successfully
2025-08-12 21:37:43,705 - INFO - Run 5 completed - Avg Speed: 22.87, Collisions: 0
2025-08-12 21:37:43,705 - INFO - Completed Merge_50_50_Mix with 5 successful runs
2025-08-12 21:37:43,706 - INFO - Generating final results and visualizations
2025-08-12 21:37:43,715 - INFO - Results saved to results/results.csv
2025-08-12 21:37:46,338 - INFO - Plots saved to plots
2025-08-12 21:37:46,338 - INFO -   - plots/highway_average_speed.png
2025-08-12 21:37:46,338 - INFO -   - plots/highway_collisions.png
2025-08-12 21:37:46,338 - INFO -   - plots/highway_acceleration_stability.png
2025-08-12 21:37:46,338 - INFO -   - plots/merge_average_speed.png
2025-08-12 21:37:46,338 - INFO -   - plots/merge_collisions.png
2025-08-12 21:37:46,338 - INFO -   - plots/merge_acceleration_stability.png
2025-08-12 21:37:46,338 - INFO -   - plots/merge_merge_success_rate.png
2025-08-12 21:37:46,338 - INFO -   - plots/combined_efficiency_comparison.png
2025-08-12 21:37:46,338 - INFO -   - plots/combined_safety_comparison.png
2025-08-12 21:37:46,343 - INFO - Simulation study completed successfully
