2025-08-12 22:22:39,506 - INFO - Starting Decentralized Highway Traffic Simulation
2025-08-12 22:22:39,509 - INFO - Configuration loaded from config.yaml
2025-08-12 22:22:39,509 - INFO - Processing configuration 1/3: Merge_100_Selfish
2025-08-12 22:22:39,509 - INFO - Processing configuration 2/3: Merge_100_Cooperative
2025-08-12 22:22:39,509 - INFO - Processing configuration 3/3: Merge_50_50_Mix
2025-08-12 22:22:39,509 - INFO - Running Merge_50_50_Mix with 50% Selfish, 50% Cooperative - 5 runs
2025-08-12 22:22:39,509 - INFO - Starting run 1/5
2025-08-12 22:22:40,169 - INFO - Created CooperativeAgent to control ego vehicle
2025-08-12 22:22:40,176 - INFO - Starting simulation with 1 agents for 1000 steps
2025-08-12 22:22:40,176 - ERROR - Error during simulation: 'CooperativeAgent' object has no attribute '_calculate_local_density_from_obs'
2025-08-12 22:22:40,176 - ERROR - Error in run 1: 'CooperativeAgent' object has no attribute '_calculate_local_density_from_obs'
2025-08-12 22:22:40,179 - ERROR - Traceback: Traceback (most recent call last):
  File "/Users/shayvasilisky/Documents/Personal/TASP/Second Year/Semester B/רובוטים קוגניטיביים/Project CC_V2/social_law_simulation/src/main.py", line 175, in run_scenario_composition
    metrics = run_single_simulation(env, agents, config, metrics_collector, render=render_enabled)
              ^^^^^^^^^^^^^^^^^^^^^^^^^^^^^^^^^^^^^^^^^^^^^^^^^^^^^^^^^^^^^^^^^^^^^^^^^^^^^^^^^^^^
  File "/Users/shayvasilisky/Documents/Personal/TASP/Second Year/Semester B/רובוטים קוגניטיביים/Project CC_V2/social_law_simulation/src/main.py", line 82, in run_single_simulation
    action = ego_agent.act(obs)
             ^^^^^^^^^^^^^^^^^^
  File "/Users/shayvasilisky/Documents/Personal/TASP/Second Year/Semester B/רובוטים קוגניטיביים/Project CC_V2/social_law_simulation/src/policies/cooperative_policy.py", line 108, in act
    self._check_phantom_jam_mitigation_from_obs(obs)
  File "/Users/shayvasilisky/Documents/Personal/TASP/Second Year/Semester B/רובוטים קוגניטיביים/Project CC_V2/social_law_simulation/src/policies/cooperative_policy.py", line 240, in _check_phantom_jam_mitigation_from_obs
    density = self._calculate_local_density_from_obs(obs)
              ^^^^^^^^^^^^^^^^^^^^^^^^^^^^^^^^^^^^^^
AttributeError: 'CooperativeAgent' object has no attribute '_calculate_local_density_from_obs'. Did you mean: '_calculate_local_density'?

2025-08-12 22:22:40,179 - INFO - Starting run 2/5
2025-08-12 22:22:40,199 - INFO - Created CooperativeAgent to control ego vehicle
2025-08-12 22:22:40,204 - INFO - Starting simulation with 1 agents for 1000 steps
2025-08-12 22:22:40,204 - ERROR - Error during simulation: 'CooperativeAgent' object has no attribute '_calculate_local_density_from_obs'
2025-08-12 22:22:40,204 - ERROR - Error in run 2: 'CooperativeAgent' object has no attribute '_calculate_local_density_from_obs'
2025-08-12 22:22:40,206 - ERROR - Traceback: Traceback (most recent call last):
  File "/Users/shayvasilisky/Documents/Personal/TASP/Second Year/Semester B/רובוטים קוגניטיביים/Project CC_V2/social_law_simulation/src/main.py", line 175, in run_scenario_composition
    metrics = run_single_simulation(env, agents, config, metrics_collector, render=render_enabled)
              ^^^^^^^^^^^^^^^^^^^^^^^^^^^^^^^^^^^^^^^^^^^^^^^^^^^^^^^^^^^^^^^^^^^^^^^^^^^^^^^^^^^^
  File "/Users/shayvasilisky/Documents/Personal/TASP/Second Year/Semester B/רובוטים קוגניטיביים/Project CC_V2/social_law_simulation/src/main.py", line 82, in run_single_simulation
    action = ego_agent.act(obs)
             ^^^^^^^^^^^^^^^^^^
  File "/Users/shayvasilisky/Documents/Personal/TASP/Second Year/Semester B/רובוטים קוגניטיביים/Project CC_V2/social_law_simulation/src/policies/cooperative_policy.py", line 108, in act
    self._check_phantom_jam_mitigation_from_obs(obs)
  File "/Users/shayvasilisky/Documents/Personal/TASP/Second Year/Semester B/רובוטים קוגניטיביים/Project CC_V2/social_law_simulation/src/policies/cooperative_policy.py", line 240, in _check_phantom_jam_mitigation_from_obs
    density = self._calculate_local_density_from_obs(obs)
              ^^^^^^^^^^^^^^^^^^^^^^^^^^^^^^^^^^^^^^
AttributeError: 'CooperativeAgent' object has no attribute '_calculate_local_density_from_obs'. Did you mean: '_calculate_local_density'?

2025-08-12 22:22:40,206 - INFO - Starting run 3/5
2025-08-12 22:22:40,220 - INFO - Created CooperativeAgent to control ego vehicle
2025-08-12 22:22:40,225 - INFO - Starting simulation with 1 agents for 1000 steps
2025-08-12 22:22:40,225 - ERROR - Error during simulation: 'CooperativeAgent' object has no attribute '_calculate_local_density_from_obs'
2025-08-12 22:22:40,225 - ERROR - Error in run 3: 'CooperativeAgent' object has no attribute '_calculate_local_density_from_obs'
2025-08-12 22:22:40,227 - ERROR - Traceback: Traceback (most recent call last):
  File "/Users/shayvasilisky/Documents/Personal/TASP/Second Year/Semester B/רובוטים קוגניטיביים/Project CC_V2/social_law_simulation/src/main.py", line 175, in run_scenario_composition
    metrics = run_single_simulation(env, agents, config, metrics_collector, render=render_enabled)
              ^^^^^^^^^^^^^^^^^^^^^^^^^^^^^^^^^^^^^^^^^^^^^^^^^^^^^^^^^^^^^^^^^^^^^^^^^^^^^^^^^^^^
  File "/Users/shayvasilisky/Documents/Personal/TASP/Second Year/Semester B/רובוטים קוגניטיביים/Project CC_V2/social_law_simulation/src/main.py", line 82, in run_single_simulation
    action = ego_agent.act(obs)
             ^^^^^^^^^^^^^^^^^^
  File "/Users/shayvasilisky/Documents/Personal/TASP/Second Year/Semester B/רובוטים קוגניטיביים/Project CC_V2/social_law_simulation/src/policies/cooperative_policy.py", line 108, in act
    self._check_phantom_jam_mitigation_from_obs(obs)
  File "/Users/shayvasilisky/Documents/Personal/TASP/Second Year/Semester B/רובוטים קוגניטיביים/Project CC_V2/social_law_simulation/src/policies/cooperative_policy.py", line 240, in _check_phantom_jam_mitigation_from_obs
    density = self._calculate_local_density_from_obs(obs)
              ^^^^^^^^^^^^^^^^^^^^^^^^^^^^^^^^^^^^^^
AttributeError: 'CooperativeAgent' object has no attribute '_calculate_local_density_from_obs'. Did you mean: '_calculate_local_density'?

2025-08-12 22:22:40,227 - INFO - Starting run 4/5
2025-08-12 22:22:40,240 - INFO - Created CooperativeAgent to control ego vehicle
2025-08-12 22:22:40,244 - INFO - Starting simulation with 1 agents for 1000 steps
2025-08-12 22:22:40,244 - ERROR - Error during simulation: 'CooperativeAgent' object has no attribute '_calculate_local_density_from_obs'
2025-08-12 22:22:40,244 - ERROR - Error in run 4: 'CooperativeAgent' object has no attribute '_calculate_local_density_from_obs'
2025-08-12 22:22:40,245 - ERROR - Traceback: Traceback (most recent call last):
  File "/Users/shayvasilisky/Documents/Personal/TASP/Second Year/Semester B/רובוטים קוגניטיביים/Project CC_V2/social_law_simulation/src/main.py", line 175, in run_scenario_composition
    metrics = run_single_simulation(env, agents, config, metrics_collector, render=render_enabled)
              ^^^^^^^^^^^^^^^^^^^^^^^^^^^^^^^^^^^^^^^^^^^^^^^^^^^^^^^^^^^^^^^^^^^^^^^^^^^^^^^^^^^^
  File "/Users/shayvasilisky/Documents/Personal/TASP/Second Year/Semester B/רובוטים קוגניטיביים/Project CC_V2/social_law_simulation/src/main.py", line 82, in run_single_simulation
    action = ego_agent.act(obs)
             ^^^^^^^^^^^^^^^^^^
  File "/Users/shayvasilisky/Documents/Personal/TASP/Second Year/Semester B/רובוטים קוגניטיביים/Project CC_V2/social_law_simulation/src/policies/cooperative_policy.py", line 108, in act
    self._check_phantom_jam_mitigation_from_obs(obs)
  File "/Users/shayvasilisky/Documents/Personal/TASP/Second Year/Semester B/רובוטים קוגניטיביים/Project CC_V2/social_law_simulation/src/policies/cooperative_policy.py", line 240, in _check_phantom_jam_mitigation_from_obs
    density = self._calculate_local_density_from_obs(obs)
              ^^^^^^^^^^^^^^^^^^^^^^^^^^^^^^^^^^^^^^
AttributeError: 'CooperativeAgent' object has no attribute '_calculate_local_density_from_obs'. Did you mean: '_calculate_local_density'?

2025-08-12 22:22:40,246 - INFO - Starting run 5/5
2025-08-12 22:22:40,258 - INFO - Created CooperativeAgent to control ego vehicle
2025-08-12 22:22:40,262 - INFO - Starting simulation with 1 agents for 1000 steps
2025-08-12 22:22:40,262 - ERROR - Error during simulation: 'CooperativeAgent' object has no attribute '_calculate_local_density_from_obs'
2025-08-12 22:22:40,262 - ERROR - Error in run 5: 'CooperativeAgent' object has no attribute '_calculate_local_density_from_obs'
2025-08-12 22:22:40,264 - ERROR - Traceback: Traceback (most recent call last):
  File "/Users/shayvasilisky/Documents/Personal/TASP/Second Year/Semester B/רובוטים קוגניטיביים/Project CC_V2/social_law_simulation/src/main.py", line 175, in run_scenario_composition
    metrics = run_single_simulation(env, agents, config, metrics_collector, render=render_enabled)
              ^^^^^^^^^^^^^^^^^^^^^^^^^^^^^^^^^^^^^^^^^^^^^^^^^^^^^^^^^^^^^^^^^^^^^^^^^^^^^^^^^^^^
  File "/Users/shayvasilisky/Documents/Personal/TASP/Second Year/Semester B/רובוטים קוגניטיביים/Project CC_V2/social_law_simulation/src/main.py", line 82, in run_single_simulation
    action = ego_agent.act(obs)
             ^^^^^^^^^^^^^^^^^^
  File "/Users/shayvasilisky/Documents/Personal/TASP/Second Year/Semester B/רובוטים קוגניטיביים/Project CC_V2/social_law_simulation/src/policies/cooperative_policy.py", line 108, in act
    self._check_phantom_jam_mitigation_from_obs(obs)
  File "/Users/shayvasilisky/Documents/Personal/TASP/Second Year/Semester B/רובוטים קוגניטיביים/Project CC_V2/social_law_simulation/src/policies/cooperative_policy.py", line 240, in _check_phantom_jam_mitigation_from_obs
    density = self._calculate_local_density_from_obs(obs)
              ^^^^^^^^^^^^^^^^^^^^^^^^^^^^^^^^^^^^^^
AttributeError: 'CooperativeAgent' object has no attribute '_calculate_local_density_from_obs'. Did you mean: '_calculate_local_density'?

2025-08-12 22:22:40,264 - INFO - Completed Merge_50_50_Mix with 0 successful runs
2025-08-12 22:22:40,264 - INFO - Generating final results and visualizations
2025-08-12 22:22:40,271 - INFO - Results saved to results/results.csv
2025-08-12 22:22:40,272 - INFO - Plots saved to plots
2025-08-12 22:22:40,272 - INFO - Simulation study completed successfully
