2025-08-12 21:42:26,871 - INFO - Starting Decentralized Highway Traffic Simulation
2025-08-12 21:42:26,873 - INFO - Configuration loaded from test_config.yaml
2025-08-12 21:42:26,873 - INFO - Processing configuration 1/3: Highway_100_Selfish
2025-08-12 21:42:26,873 - INFO - Running Highway_100_Selfish with 100% Selfish, 0% Cooperative - 1 runs
2025-08-12 21:42:26,873 - INFO - Starting run 1/1
2025-08-12 21:42:27,618 - INFO - Using 11 existing vehicles as agents
2025-08-12 21:42:27,625 - INFO - Starting simulation with 11 agents for 100 steps
2025-08-12 21:42:27,749 - INFO - Step 0/100 completed
2025-08-12 21:42:29,483 - INFO - Simulation ended early at step 19
2025-08-12 21:42:29,483 - INFO - Simulation completed successfully
2025-08-12 21:42:29,483 - INFO - Run 1 completed - Avg Speed: 21.00, Collisions: 0
2025-08-12 21:42:29,583 - INFO - Completed Highway_100_Selfish with 1 successful runs
2025-08-12 21:42:29,583 - INFO - Processing configuration 2/3: Highway_100_Cooperative
2025-08-12 21:42:29,583 - INFO - Processing configuration 3/3: Highway_50_50_Mix
2025-08-12 21:42:29,583 - INFO - Generating final results and visualizations
2025-08-12 21:42:29,601 - INFO - Results saved to test_results/test_results.csv
2025-08-12 21:42:31,103 - INFO - Plots saved to test_plots
2025-08-12 21:42:31,103 - INFO -   - test_plots/highway_average_speed.png
2025-08-12 21:42:31,103 - INFO -   - test_plots/highway_collisions.png
2025-08-12 21:42:31,103 - INFO -   - test_plots/highway_acceleration_stability.png
2025-08-12 21:42:31,104 - INFO -   - test_plots/combined_efficiency_comparison.png
2025-08-12 21:42:31,104 - INFO -   - test_plots/combined_safety_comparison.png
2025-08-12 21:42:31,138 - INFO - Simulation study completed successfully
