2025-08-12 21:54:10,992 - INFO - Starting Decentralized Highway Traffic Simulation
2025-08-12 21:54:10,994 - INFO - Configuration loaded from test_config.yaml
2025-08-12 21:54:10,994 - INFO - Processing configuration 1/3: Merge_100_Selfish
2025-08-12 21:54:10,994 - INFO - Processing configuration 2/3: Merge_100_Cooperative
2025-08-12 21:54:10,994 - INFO - Running Merge_100_Cooperative with 0% Selfish, 100% Cooperative - 1 runs
2025-08-12 21:54:10,994 - INFO - Starting run 1/1
2025-08-12 21:54:11,657 - INFO - Using 5 existing vehicles as agents
2025-08-12 21:54:11,664 - INFO - Starting simulation with 5 agents for 100 steps
2025-08-12 21:54:11,773 - INFO - Step 0/100 completed
2025-08-12 21:54:12,440 - INFO - Simulation ended early at step 7
2025-08-12 21:54:12,440 - INFO - Simulation completed successfully
2025-08-12 21:54:12,440 - INFO - Run 1 completed - Avg Speed: 20.99, Collisions: 0
2025-08-12 21:54:12,542 - INFO - Completed Merge_100_Cooperative with 1 successful runs
2025-08-12 21:54:12,543 - INFO - Processing configuration 3/3: Merge_50_50_Mix
2025-08-12 21:54:12,543 - INFO - Generating final results and visualizations
2025-08-12 21:54:12,556 - INFO - Results saved to test_results/test_results.csv
2025-08-12 21:54:14,416 - INFO - Plots saved to test_plots
2025-08-12 21:54:14,416 - INFO -   - test_plots/merge_average_speed.png
2025-08-12 21:54:14,416 - INFO -   - test_plots/merge_collisions.png
2025-08-12 21:54:14,416 - INFO -   - test_plots/merge_acceleration_stability.png
2025-08-12 21:54:14,416 - INFO -   - test_plots/merge_merge_success_rate.png
2025-08-12 21:54:14,416 - INFO -   - test_plots/combined_efficiency_comparison.png
2025-08-12 21:54:14,416 - INFO -   - test_plots/combined_safety_comparison.png
2025-08-12 21:54:14,420 - INFO - Simulation study completed successfully
