2025-08-12 22:54:20,028 - INFO - Starting Decentralized Highway Traffic Simulation
2025-08-12 22:54:20,031 - INFO - Configuration loaded from config.yaml
2025-08-12 22:54:20,031 - INFO - Processing configuration 1/3: Merge_100_Selfish
2025-08-12 22:54:20,031 - INFO - Running Merge_100_Selfish with 100% Selfish, 0% Cooperative - 5 runs
2025-08-12 22:54:20,031 - INFO - Starting run 1/5
2025-08-12 22:54:20,691 - INFO - Created SelfishPolicy for ego vehicle
2025-08-12 22:54:20,699 - INFO - Starting simulation with SelfishPolicy for 1000 steps
2025-08-12 22:54:20,817 - INFO - Step 0/1000 completed
2025-08-12 22:54:22,159 - INFO - Simulation ended early at step 16
2025-08-12 22:54:22,159 - INFO - Simulation completed successfully
2025-08-12 22:54:22,159 - INFO - Run 1 completed - Avg Speed: 20.42, Collisions: 0
2025-08-12 22:54:22,274 - INFO - Starting run 2/5
2025-08-12 22:54:22,343 - INFO - Created SelfishPolicy for ego vehicle
2025-08-12 22:54:22,351 - INFO - Starting simulation with SelfishPolicy for 1000 steps
2025-08-12 22:54:22,462 - INFO - Step 0/1000 completed
2025-08-12 22:54:23,807 - INFO - Simulation ended early at step 16
2025-08-12 22:54:23,807 - INFO - Simulation completed successfully
2025-08-12 22:54:23,807 - INFO - Run 2 completed - Avg Speed: 20.42, Collisions: 0
2025-08-12 22:54:23,914 - INFO - Starting run 3/5
2025-08-12 22:54:23,969 - INFO - Created SelfishPolicy for ego vehicle
2025-08-12 22:54:23,977 - INFO - Starting simulation with SelfishPolicy for 1000 steps
2025-08-12 22:54:24,084 - INFO - Step 0/1000 completed
2025-08-12 22:54:25,434 - INFO - Simulation ended early at step 16
2025-08-12 22:54:25,434 - INFO - Simulation completed successfully
2025-08-12 22:54:25,434 - INFO - Run 3 completed - Avg Speed: 20.42, Collisions: 0
2025-08-12 22:54:25,545 - INFO - Starting run 4/5
2025-08-12 22:54:25,607 - INFO - Created SelfishPolicy for ego vehicle
2025-08-12 22:54:25,615 - INFO - Starting simulation with SelfishPolicy for 1000 steps
2025-08-12 22:54:25,729 - INFO - Step 0/1000 completed
2025-08-12 22:54:27,097 - INFO - Simulation ended early at step 16
2025-08-12 22:54:27,097 - INFO - Simulation completed successfully
2025-08-12 22:54:27,097 - INFO - Run 4 completed - Avg Speed: 20.42, Collisions: 0
2025-08-12 22:54:27,194 - INFO - Starting run 5/5
2025-08-12 22:54:27,244 - INFO - Created SelfishPolicy for ego vehicle
2025-08-12 22:54:27,251 - INFO - Starting simulation with SelfishPolicy for 1000 steps
2025-08-12 22:54:27,361 - INFO - Step 0/1000 completed
2025-08-12 22:54:28,723 - INFO - Simulation ended early at step 16
2025-08-12 22:54:28,724 - INFO - Simulation completed successfully
2025-08-12 22:54:28,724 - INFO - Run 5 completed - Avg Speed: 20.42, Collisions: 0
2025-08-12 22:54:28,831 - INFO - Completed Merge_100_Selfish with 5 successful runs
2025-08-12 22:54:28,831 - INFO - Processing configuration 2/3: Merge_100_Cooperative
2025-08-12 22:54:28,831 - INFO - Processing configuration 3/3: Merge_50_50_Mix
2025-08-12 22:54:28,831 - INFO - Generating final results and visualizations
2025-08-12 22:54:28,853 - INFO - Results saved to results/results.csv
2025-08-12 22:54:30,707 - INFO - Plots saved to plots
2025-08-12 22:54:30,707 - INFO -   - plots/merge_average_speed.png
2025-08-12 22:54:30,707 - INFO -   - plots/merge_collisions.png
2025-08-12 22:54:30,707 - INFO -   - plots/merge_acceleration_stability.png
2025-08-12 22:54:30,707 - INFO -   - plots/merge_merge_success_rate.png
2025-08-12 22:54:30,707 - INFO -   - plots/combined_efficiency_comparison.png
2025-08-12 22:54:30,707 - INFO -   - plots/combined_safety_comparison.png
2025-08-12 22:54:30,711 - INFO - Simulation study completed successfully
