2025-08-12 22:42:46,543 - INFO - Starting Decentralized Highway Traffic Simulation
2025-08-12 22:42:46,546 - INFO - Configuration loaded from config.yaml
2025-08-12 22:42:46,546 - INFO - Processing configuration 1/3: Highway_100_Selfish
2025-08-12 22:42:46,546 - INFO - Running Highway_100_Selfish with 100% Selfish, 0% Cooperative - 5 runs
2025-08-12 22:42:46,546 - INFO - Starting run 1/5
2025-08-12 22:42:46,554 - INFO - Created SelfishPolicy for ego vehicle
2025-08-12 22:42:46,561 - INFO - Starting simulation with SelfishPolicy for 1000 steps
2025-08-12 22:42:46,737 - INFO - Step 0/1000 completed
2025-08-12 22:42:47,776 - INFO - Simulation ended early at step 6
2025-08-12 22:42:47,776 - INFO - Simulation completed successfully
2025-08-12 22:42:47,776 - INFO - Run 1 completed - Avg Speed: 25.00, Collisions: 2
2025-08-12 22:42:47,776 - INFO - Starting run 2/5
2025-08-12 22:42:47,782 - INFO - Created SelfishPolicy for ego vehicle
2025-08-12 22:42:47,789 - INFO - Starting simulation with SelfishPolicy for 1000 steps
2025-08-12 22:42:47,972 - INFO - Step 0/1000 completed
2025-08-12 22:42:48,486 - INFO - Simulation ended early at step 3
2025-08-12 22:42:48,486 - INFO - Simulation completed successfully
2025-08-12 22:42:48,486 - INFO - Run 2 completed - Avg Speed: 25.00, Collisions: 2
2025-08-12 22:42:48,486 - INFO - Starting run 3/5
2025-08-12 22:42:48,492 - INFO - Created SelfishPolicy for ego vehicle
2025-08-12 22:42:48,499 - INFO - Starting simulation with SelfishPolicy for 1000 steps
2025-08-12 22:42:48,674 - INFO - Step 0/1000 completed
2025-08-12 22:42:50,880 - INFO - Simulation ended early at step 13
2025-08-12 22:42:50,880 - INFO - Simulation completed successfully
2025-08-12 22:42:50,880 - INFO - Run 3 completed - Avg Speed: 25.00, Collisions: 2
2025-08-12 22:42:50,880 - INFO - Starting run 4/5
2025-08-12 22:42:50,886 - INFO - Created SelfishPolicy for ego vehicle
2025-08-12 22:42:50,893 - INFO - Starting simulation with SelfishPolicy for 1000 steps
2025-08-12 22:42:51,071 - INFO - Step 0/1000 completed
2025-08-12 22:42:51,588 - INFO - Simulation ended early at step 3
2025-08-12 22:42:51,589 - INFO - Simulation completed successfully
2025-08-12 22:42:51,589 - INFO - Run 4 completed - Avg Speed: 25.00, Collisions: 2
2025-08-12 22:42:51,589 - INFO - Starting run 5/5
2025-08-12 22:42:51,595 - INFO - Created SelfishPolicy for ego vehicle
2025-08-12 22:42:51,602 - INFO - Starting simulation with SelfishPolicy for 1000 steps
2025-08-12 22:42:51,778 - INFO - Step 0/1000 completed
2025-08-12 22:42:52,115 - INFO - Simulation ended early at step 2
2025-08-12 22:42:52,115 - INFO - Simulation completed successfully
2025-08-12 22:42:52,115 - INFO - Run 5 completed - Avg Speed: 25.00, Collisions: 2
2025-08-12 22:42:52,115 - INFO - Completed Highway_100_Selfish with 5 successful runs
2025-08-12 22:42:52,115 - INFO - Processing configuration 2/3: Highway_100_Cooperative
2025-08-12 22:42:52,115 - INFO - Processing configuration 3/3: Highway_50_50_Mix
2025-08-12 22:42:52,115 - INFO - Generating final results and visualizations
2025-08-12 22:42:52,125 - INFO - Results saved to results/results.csv
2025-08-12 22:42:53,813 - INFO - Plots saved to plots
2025-08-12 22:42:53,813 - INFO -   - plots/highway_average_speed.png
2025-08-12 22:42:53,813 - INFO -   - plots/highway_collisions.png
2025-08-12 22:42:53,813 - INFO -   - plots/highway_acceleration_stability.png
2025-08-12 22:42:53,813 - INFO -   - plots/combined_efficiency_comparison.png
2025-08-12 22:42:53,813 - INFO -   - plots/combined_safety_comparison.png
2025-08-12 22:42:53,817 - INFO - Simulation study completed successfully
