2025-08-12 22:27:02,822 - INFO - Starting Decentralized Highway Traffic Simulation
2025-08-12 22:27:02,825 - INFO - Configuration loaded from config.yaml
2025-08-12 22:27:02,825 - INFO - Processing configuration 1/3: Highway_100_Selfish
2025-08-12 22:27:02,825 - INFO - Processing configuration 2/3: Highway_100_Cooperative
2025-08-12 22:27:02,825 - INFO - Running Highway_100_Cooperative with 0% Selfish, 100% Cooperative - 5 runs
2025-08-12 22:27:02,825 - INFO - Starting run 1/5
2025-08-12 22:27:03,517 - INFO - Created CooperativeAgent to control ego vehicle
2025-08-12 22:27:03,529 - INFO - Starting simulation with 1 agents for 1000 steps
2025-08-12 22:27:03,782 - INFO - Step 0/1000 completed
2025-08-12 22:27:05,747 - INFO - Simulation ended early at step 8
2025-08-12 22:27:05,748 - INFO - Simulation completed successfully
2025-08-12 22:27:05,748 - INFO - Run 1 completed - Avg Speed: 21.12, Collisions: 2
2025-08-12 22:27:05,845 - INFO - Starting run 2/5
2025-08-12 22:27:05,907 - INFO - Created CooperativeAgent to control ego vehicle
2025-08-12 22:27:05,917 - INFO - Starting simulation with 1 agents for 1000 steps
2025-08-12 22:27:06,179 - INFO - Step 0/1000 completed
2025-08-12 22:27:07,919 - INFO - Simulation ended early at step 7
2025-08-12 22:27:07,919 - INFO - Simulation completed successfully
2025-08-12 22:27:07,919 - INFO - Run 2 completed - Avg Speed: 20.40, Collisions: 2
2025-08-12 22:27:08,023 - INFO - Starting run 3/5
2025-08-12 22:27:08,111 - INFO - Created CooperativeAgent to control ego vehicle
2025-08-12 22:27:08,121 - INFO - Starting simulation with 1 agents for 1000 steps
2025-08-12 22:27:08,370 - INFO - Step 0/1000 completed
2025-08-12 22:27:09,116 - INFO - Simulation ended early at step 3
2025-08-12 22:27:09,116 - INFO - Simulation completed successfully
2025-08-12 22:27:09,116 - INFO - Run 3 completed - Avg Speed: 20.45, Collisions: 2
2025-08-12 22:27:09,217 - INFO - Starting run 4/5
2025-08-12 22:27:09,305 - INFO - Created CooperativeAgent to control ego vehicle
2025-08-12 22:27:09,316 - INFO - Starting simulation with 1 agents for 1000 steps
2025-08-12 22:27:09,570 - INFO - Step 0/1000 completed
2025-08-12 22:27:12,073 - INFO - Simulation ended early at step 10
2025-08-12 22:27:12,074 - INFO - Simulation completed successfully
2025-08-12 22:27:12,074 - INFO - Run 4 completed - Avg Speed: 20.56, Collisions: 2
2025-08-12 22:27:12,183 - INFO - Starting run 5/5
2025-08-12 22:27:12,269 - INFO - Created CooperativeAgent to control ego vehicle
2025-08-12 22:27:12,280 - INFO - Starting simulation with 1 agents for 1000 steps
2025-08-12 22:27:12,531 - INFO - Step 0/1000 completed
2025-08-12 22:27:19,982 - INFO - Simulation ended early at step 30
2025-08-12 22:27:19,982 - INFO - Simulation completed successfully
2025-08-12 22:27:19,982 - INFO - Run 5 completed - Avg Speed: 20.94, Collisions: 2
2025-08-12 22:27:20,076 - INFO - Completed Highway_100_Cooperative with 5 successful runs
2025-08-12 22:27:20,077 - INFO - Processing configuration 3/3: Highway_50_50_Mix
2025-08-12 22:27:20,077 - INFO - Generating final results and visualizations
2025-08-12 22:27:20,096 - INFO - Results saved to results/results.csv
2025-08-12 22:27:21,725 - INFO - Plots saved to plots
2025-08-12 22:27:21,725 - INFO -   - plots/highway_average_speed.png
2025-08-12 22:27:21,725 - INFO -   - plots/highway_collisions.png
2025-08-12 22:27:21,725 - INFO -   - plots/highway_acceleration_stability.png
2025-08-12 22:27:21,725 - INFO -   - plots/combined_efficiency_comparison.png
2025-08-12 22:27:21,725 - INFO -   - plots/combined_safety_comparison.png
2025-08-12 22:27:21,729 - INFO - Simulation study completed successfully
